This is pdfTeX, Version 3.141592653-2.6-1.40.26 (TeX Live 2025/dev/Debian) (preloaded format=pdflatex 2025.10.29)  31 DEC 2025 16:08
entering extended mode
 \write18 enabled.
 %&-line parsing enabled.
**main.tex
(./main.tex
LaTeX2e <2024-11-01> patch level 2
L3 programming layer <2025-01-18>
(/usr/share/texlive/texmf-dist/tex/latex/amscls/amsbook.cls
Document Class: amsbook 2020/05/29 v2.20.6
\linespacing=\dimen141
\normalparindent=\dimen142
\normaltopskip=\skip49
(/usr/share/texlive/texmf-dist/tex/latex/amsmath/amsmath.sty
Package: amsmath 2024/11/05 v2.17t AMS math features
\@mathmargin=\skip50

For additional information on amsmath, use the `?' option.
(/usr/share/texlive/texmf-dist/tex/latex/amsmath/amstext.sty
Package: amstext 2021/08/26 v2.01 AMS text

(/usr/share/texlive/texmf-dist/tex/latex/amsmath/amsgen.sty
File: amsgen.sty 1999/11/30 v2.0 generic functions
\@emptytoks=\toks17
\ex@=\dimen143
))
(/usr/share/texlive/texmf-dist/tex/latex/amsmath/amsbsy.sty
Package: amsbsy 1999/11/29 v1.2d Bold Symbols
\pmbraise@=\dimen144
)
(/usr/share/texlive/texmf-dist/tex/latex/amsmath/amsopn.sty
Package: amsopn 2022/04/08 v2.04 operator names
)
\inf@bad=\count196
LaTeX Info: Redefining \frac on input line 233.
\uproot@=\count197
\leftroot@=\count198
LaTeX Info: Redefining \overline on input line 398.
LaTeX Info: Redefining \colon on input line 409.
\classnum@=\count199
\DOTSCASE@=\count266
LaTeX Info: Redefining \ldots on input line 495.
LaTeX Info: Redefining \dots on input line 498.
LaTeX Info: Redefining \cdots on input line 619.
\Mathstrutbox@=\box52
\strutbox@=\box53
LaTeX Info: Redefining \big on input line 721.
LaTeX Info: Redefining \Big on input line 722.
LaTeX Info: Redefining \bigg on input line 723.
LaTeX Info: Redefining \Bigg on input line 724.
\big@size=\dimen145
LaTeX Font Info:    Redeclaring font encoding OML on input line 742.
LaTeX Font Info:    Redeclaring font encoding OMS on input line 743.
\macc@depth=\count267
LaTeX Info: Redefining \bmod on input line 904.
LaTeX Info: Redefining \pmod on input line 909.
LaTeX Info: Redefining \smash on input line 939.
LaTeX Info: Redefining \relbar on input line 969.
LaTeX Info: Redefining \Relbar on input line 970.
\c@MaxMatrixCols=\count268
\dotsspace@=\muskip17
\c@parentequation=\count269
\dspbrk@lvl=\count270
\tag@help=\toks18
\row@=\count271
\column@=\count272
\maxfields@=\count273
\andhelp@=\toks19
\eqnshift@=\dimen146
\alignsep@=\dimen147
\tagshift@=\dimen148
\tagwidth@=\dimen149
\totwidth@=\dimen150
\lineht@=\dimen151
\@envbody=\toks20
\multlinegap=\skip51
\multlinetaggap=\skip52
\mathdisplay@stack=\toks21
LaTeX Info: Redefining \[ on input line 2953.
LaTeX Info: Redefining \] on input line 2954.
)
LaTeX Font Info:    Trying to load font information for U+msa on input line 376
.

(/usr/share/texlive/texmf-dist/tex/latex/amsfonts/umsa.fd
File: umsa.fd 2013/01/14 v3.01 AMS symbols A
)
(/usr/share/texlive/texmf-dist/tex/latex/amsfonts/amsfonts.sty
Package: amsfonts 2013/01/14 v3.01 Basic AMSFonts support
\symAMSa=\mathgroup4
\symAMSb=\mathgroup5
LaTeX Font Info:    Redeclaring math symbol \hbar on input line 98.
LaTeX Font Info:    Overwriting math alphabet `\mathfrak' in version `bold'
(Font)                  U/euf/m/n --> U/euf/b/n on input line 106.
)
\copyins=\insert252
\abstractbox=\box54
\listisep=\skip53
\c@part=\count274
\c@chapter=\count275
\c@section=\count276
\c@subsection=\count277
\c@subsubsection=\count278
\c@paragraph=\count279
\c@subparagraph=\count280
\c@figure=\count281
\c@table=\count282
\abovecaptionskip=\skip54
\belowcaptionskip=\skip55
\captionindent=\dimen152
\thm@style=\toks22
\thm@bodyfont=\toks23
\thm@headfont=\toks24
\thm@notefont=\toks25
\thm@headpunct=\toks26
\thm@preskip=\skip56
\thm@postskip=\skip57
\thm@headsep=\skip58
\dth@everypar=\toks27
)
(/usr/share/texlive/texmf-dist/tex/latex/mathtools/mathtools.sty
Package: mathtools 2024/10/04 v1.31 mathematical typesetting tools

(/usr/share/texlive/texmf-dist/tex/latex/graphics/keyval.sty
Package: keyval 2022/05/29 v1.15 key=value parser (DPC)
\KV@toks@=\toks28
)
(/usr/share/texlive/texmf-dist/tex/latex/tools/calc.sty
Package: calc 2023/07/08 v4.3 Infix arithmetic (KKT,FJ)
\calc@Acount=\count283
\calc@Bcount=\count284
\calc@Adimen=\dimen153
\calc@Bdimen=\dimen154
\calc@Askip=\skip59
\calc@Bskip=\skip60
LaTeX Info: Redefining \setlength on input line 80.
LaTeX Info: Redefining \addtolength on input line 81.
\calc@Ccount=\count285
\calc@Cskip=\skip61
)
(/usr/share/texlive/texmf-dist/tex/latex/mathtools/mhsetup.sty
Package: mhsetup 2021/03/18 v1.4 programming setup (MH)
)
\g_MT_multlinerow_int=\count286
\l_MT_multwidth_dim=\dimen155
\origjot=\skip62
\l_MT_shortvdotswithinadjustabove_dim=\dimen156
\l_MT_shortvdotswithinadjustbelow_dim=\dimen157
\l_MT_above_intertext_sep=\dimen158
\l_MT_below_intertext_sep=\dimen159
\l_MT_above_shortintertext_sep=\dimen160
\l_MT_below_shortintertext_sep=\dimen161
\xmathstrut@box=\box55
\xmathstrut@dim=\dimen162
)
(/usr/share/texlive/texmf-dist/tex/latex/amsfonts/amssymb.sty
Package: amssymb 2013/01/14 v3.01 AMS font symbols
)
(/usr/share/texlive/texmf-dist/tex/latex/minted/minted.sty
Package: minted 2025/03/06 v3.6.0 Yet another Pygments shim for LaTeX

(/usr/share/texlive/texmf-dist/tex/generic/catchfile/catchfile.sty
Package: catchfile 2019/12/09 v1.8 Catch the contents of a file (HO)

(/usr/share/texlive/texmf-dist/tex/generic/infwarerr/infwarerr.sty
Package: infwarerr 2019/12/03 v1.5 Providing info/warning/error messages (HO)
)
(/usr/share/texlive/texmf-dist/tex/generic/ltxcmds/ltxcmds.sty
Package: ltxcmds 2023-12-04 v1.26 LaTeX kernel commands for general use (HO)
)
(/usr/share/texlive/texmf-dist/tex/generic/etexcmds/etexcmds.sty
Package: etexcmds 2019/12/15 v1.7 Avoid name clashes with e-TeX commands (HO)

(/usr/share/texlive/texmf-dist/tex/generic/iftex/iftex.sty
Package: iftex 2024/12/12 v1.0g TeX engine tests
)))
(/usr/share/texlive/texmf-dist/tex/latex/etoolbox/etoolbox.sty
Package: etoolbox 2025/02/11 v2.5l e-TeX tools for LaTeX (JAW)
\etb@tempcnta=\count287
)
(/usr/share/texlive/texmf-dist/tex/latex/fvextra/fvextra.sty
Package: fvextra 2025/03/04 v1.12.0 fvextra - extensions and patches for fancyv
rb

(/usr/share/texlive/texmf-dist/tex/latex/fancyvrb/fancyvrb.sty
Package: fancyvrb 2024/01/20 4.5c verbatim text (tvz,hv)
\FV@CodeLineNo=\count288
\FV@InFile=\read2
\FV@TabBox=\box56
\c@FancyVerbLine=\count289
\FV@StepNumber=\count290
\FV@OutFile=\write3
)
(/usr/share/texlive/texmf-dist/tex/generic/pdftexcmds/pdftexcmds.sty
Package: pdftexcmds 2020-06-27 v0.33 Utility functions of pdfTeX for LuaTeX (HO
)
Package pdftexcmds Info: \pdf@primitive is available.
Package pdftexcmds Info: \pdf@ifprimitive is available.
Package pdftexcmds Info: \pdfdraftmode found.
)
(/usr/share/texlive/texmf-dist/tex/latex/upquote/upquote.sty
Package: upquote 2012/04/19 v1.3 upright-quote and grave-accent glyphs in verba
tim
)
(/usr/share/texlive/texmf-dist/tex/latex/lineno/lineno.sty
Package: lineno 2025/01/29 line numbers on paragraphs v5.4

(/usr/share/texlive/texmf-dist/tex/latex/kvoptions/kvoptions.sty
Package: kvoptions 2022-06-15 v3.15 Key value format for package options (HO)

(/usr/share/texlive/texmf-dist/tex/latex/kvsetkeys/kvsetkeys.sty
Package: kvsetkeys 2022-10-05 v1.19 Key value parser (HO)
))
\linenopenalty=\count291
\output=\toks29
\linenoprevgraf=\count292
\linenumbersep=\dimen163
\linenumberwidth=\dimen164
\c@linenumber=\count293
\c@pagewiselinenumber=\count294
\c@LN@truepage=\count295
\c@internallinenumber=\count296
\c@internallinenumbers=\count297
\quotelinenumbersep=\dimen165
\bframerule=\dimen166
\bframesep=\dimen167
\bframebox=\box57
\@LN@amsmath@ams@eqpen=\count298
LaTeX Info: Redefining \\ on input line 3187.
)
\c@FancyVerbWriteLine=\count299
\c@FancyVerbBufferLine=\count300
\c@FV@TrueTabGroupLevel=\count301
\c@FV@TrueTabCounter=\count302
\FV@TabBox@Group=\box58
\FV@bgcolorstructbox=\box59
\FV@TmpLength=\skip63
\c@FV@HighlightLinesStart=\count303
\c@FV@HighlightLinesStop=\count304
\FV@LoopCount=\count305
\FV@NCharsBox=\box60
\FV@BreakIndent=\dimen168
\FV@BreakIndentNChars=\count306
\FV@BreakSymbolSepLeft=\dimen169
\FV@BreakSymbolSepLeftNChars=\count307
\FV@BreakSymbolSepRight=\dimen170
\FV@BreakSymbolSepRightNChars=\count308
\FV@BreakSymbolIndentLeft=\dimen171
\FV@BreakSymbolIndentLeftNChars=\count309
\FV@BreakSymbolIndentRight=\dimen172
\FV@BreakSymbolIndentRightNChars=\count310
\c@FancyVerbLineBreakLast=\count311
\FV@LineBox=\box61
\FV@LineIndentBox=\box62
\c@FV@BreakBufferDepth=\count312
\FV@LineWidth=\dimen173
)
(/usr/share/texlive/texmf-dist/tex/latex/latex2pydata/latex2pydata.sty
Package: latex2pydata 2025/03/03 v0.5.0 latex2pydata - write data to file in Py
thon literal format
)
(/usr/share/texlive/texmf-dist/tex/latex/pgf/utilities/pgfkeys.sty
(/usr/share/texlive/texmf-dist/tex/generic/pgf/utilities/pgfkeys.code.tex
\pgfkeys@pathtoks=\toks30
\pgfkeys@temptoks=\toks31

(/usr/share/texlive/texmf-dist/tex/generic/pgf/utilities/pgfkeyslibraryfiltered
.code.tex
\pgfkeys@tmptoks=\toks32
))) (/usr/share/texlive/texmf-dist/tex/latex/pgfopts/pgfopts.sty
Package: pgfopts 2014/07/10 v2.1a LaTeX package options with pgfkeys
\pgfopts@list@add@a@toks=\toks33
\pgfopts@list@add@b@toks=\toks34
)
(/usr/share/texlive/texmf-dist/tex/latex/tools/shellesc.sty
Package: shellesc 2023/07/08 v1.0d unified shell escape interface for LaTeX
Package shellesc Info: Unrestricted shell escape enabled on input line 75.
)
(/usr/share/texlive/texmf-dist/tex/latex/float/float.sty
Package: float 2001/11/08 v1.3d Float enhancements (AL)
\c@float@type=\count313
\float@exts=\toks35
\float@box=\box63
\@float@everytoks=\toks36
\@floatcapt=\box64
)
\c@minted@FancyVerbLineTemp=\count314
\@float@every@listing=\toks37
\c@listing=\count315
)
(/usr/share/texlive/texmf-dist/tex/latex/algorithms/algorithm.sty
Package: algorithm 2009/08/24 v0.1 Document Style `algorithm' - floating enviro
nment

(/usr/share/texlive/texmf-dist/tex/latex/base/ifthen.sty
Package: ifthen 2024/03/16 v1.1e Standard LaTeX ifthen package (DPC)
)
\@float@every@algorithm=\toks38
\c@algorithm=\count316
)
(/usr/share/texlive/texmf-dist/tex/latex/algorithms/algorithmic.sty
Package: algorithmic 2009/08/24 v0.1 Document Style `algorithmic'
\c@ALC@unique=\count317
\c@ALC@line=\count318
\c@ALC@rem=\count319
\c@ALC@depth=\count320
\ALC@tlm=\skip64
\algorithmicindent=\skip65
)
(/usr/share/texlive/texmf-dist/tex/latex/graphics/graphicx.sty
Package: graphicx 2021/09/16 v1.2d Enhanced LaTeX Graphics (DPC,SPQR)

(/usr/share/texlive/texmf-dist/tex/latex/graphics/graphics.sty
Package: graphics 2024/08/06 v1.4g Standard LaTeX Graphics (DPC,SPQR)

(/usr/share/texlive/texmf-dist/tex/latex/graphics/trig.sty
Package: trig 2023/12/02 v1.11 sin cos tan (DPC)
)
(/usr/share/texlive/texmf-dist/tex/latex/graphics-cfg/graphics.cfg
File: graphics.cfg 2016/06/04 v1.11 sample graphics configuration
)
Package graphics Info: Driver file: pdftex.def on input line 106.

(/usr/share/texlive/texmf-dist/tex/latex/graphics-def/pdftex.def
File: pdftex.def 2024/04/13 v1.2c Graphics/color driver for pdftex
))
\Gin@req@height=\dimen174
\Gin@req@width=\dimen175
)
(/usr/share/texlive/texmf-dist/tex/latex/caption/caption.sty
Package: caption 2023/08/05 v3.6o Customizing captions (AR)

(/usr/share/texlive/texmf-dist/tex/latex/caption/caption3.sty
Package: caption3 2023/07/31 v2.4d caption3 kernel (AR)
\caption@tempdima=\dimen176
\captionmargin=\dimen177
\caption@leftmargin=\dimen178
\caption@rightmargin=\dimen179
\caption@width=\dimen180
\caption@indent=\dimen181
\caption@parindent=\dimen182
\caption@hangindent=\dimen183
Package caption Info: AMS or SMF document class detected.

(/usr/share/texlive/texmf-dist/tex/latex/caption/caption-ams-smf.sto
File: caption-ams-smf.sto 2020/08/22 v2.0 Adaption of the caption package to th
e AMS and SMF document classes (AR)
))
\c@caption@flags=\count321
\c@continuedfloat=\count322
Package caption Info: float package is loaded.
)
(/usr/share/texlive/texmf-dist/tex/latex/caption/subcaption.sty
Package: subcaption 2023/07/28 v1.6b Sub-captions (AR)
Package caption Info: New subtype `subfigure' on input line 238.
\c@subfigure=\count323
Package caption Info: New subtype `subtable' on input line 238.
\c@subtable=\count324
)
(/usr/share/texlive/texmf-dist/tex/latex/booktabs/booktabs.sty
Package: booktabs 2020/01/12 v1.61803398 Publication quality tables
\heavyrulewidth=\dimen184
\lightrulewidth=\dimen185
\cmidrulewidth=\dimen186
\belowrulesep=\dimen187
\belowbottomsep=\dimen188
\aboverulesep=\dimen189
\abovetopsep=\dimen190
\cmidrulesep=\dimen191
\cmidrulekern=\dimen192
\defaultaddspace=\dimen193
\@cmidla=\count325
\@cmidlb=\count326
\@aboverulesep=\dimen194
\@belowrulesep=\dimen195
\@thisruleclass=\count327
\@lastruleclass=\count328
\@thisrulewidth=\dimen196
)
(/usr/share/texlive/texmf-dist/tex/latex/tools/array.sty
Package: array 2024/10/17 v2.6g Tabular extension package (FMi)
\col@sep=\dimen197
\ar@mcellbox=\box65
\extrarowheight=\dimen198
\NC@list=\toks39
\extratabsurround=\skip66
\backup@length=\skip67
\ar@cellbox=\box66
)
(/usr/share/texlive/texmf-dist/tex/latex/tools/longtable.sty
Package: longtable 2024-10-27 v4.22 Multi-page Table package (DPC)
\LTleft=\skip68
\LTright=\skip69
\LTpre=\skip70
\LTpost=\skip71
\LTchunksize=\count329
\LTcapwidth=\dimen199
\LT@head=\box67
\LT@firsthead=\box68
\LT@foot=\box69
\LT@lastfoot=\box70
\LT@gbox=\box71
\LT@cols=\count330
\LT@rows=\count331
\c@LT@tables=\count332
\c@LT@chunks=\count333
\LT@p@ftn=\toks40
)
(/usr/share/texlive/texmf-dist/tex/latex/natbib/natbib.sty
Package: natbib 2010/09/13 8.31b (PWD, AO)
\bibhang=\skip72
\bibsep=\skip73
LaTeX Info: Redefining \cite on input line 694.
\c@NAT@ctr=\count334
)
(/usr/share/texlive/texmf-dist/tex/latex/hyperref/hyperref.sty
Package: hyperref 2024-11-05 v7.01l Hypertext links for LaTeX

(/usr/share/texlive/texmf-dist/tex/generic/kvdefinekeys/kvdefinekeys.sty
Package: kvdefinekeys 2019-12-19 v1.6 Define keys (HO)
)
(/usr/share/texlive/texmf-dist/tex/generic/pdfescape/pdfescape.sty
Package: pdfescape 2019/12/09 v1.15 Implements pdfTeX's escape features (HO)
)
(/usr/share/texlive/texmf-dist/tex/latex/hycolor/hycolor.sty
Package: hycolor 2020-01-27 v1.10 Color options for hyperref/bookmark (HO)
)
(/usr/share/texlive/texmf-dist/tex/latex/hyperref/nameref.sty
Package: nameref 2023-11-26 v2.56 Cross-referencing by name of section

(/usr/share/texlive/texmf-dist/tex/latex/refcount/refcount.sty
Package: refcount 2019/12/15 v3.6 Data extraction from label references (HO)
)
(/usr/share/texlive/texmf-dist/tex/generic/gettitlestring/gettitlestring.sty
Package: gettitlestring 2019/12/15 v1.6 Cleanup title references (HO)
)
\c@section@level=\count335
)
(/usr/share/texlive/texmf-dist/tex/generic/stringenc/stringenc.sty
Package: stringenc 2019/11/29 v1.12 Convert strings between diff. encodings (HO
)
)
\@linkdim=\dimen256
\Hy@linkcounter=\count336
\Hy@pagecounter=\count337

(/usr/share/texlive/texmf-dist/tex/latex/hyperref/pd1enc.def
File: pd1enc.def 2024-11-05 v7.01l Hyperref: PDFDocEncoding definition (HO)
Now handling font encoding PD1 ...
... no UTF-8 mapping file for font encoding PD1
)
(/usr/share/texlive/texmf-dist/tex/generic/intcalc/intcalc.sty
Package: intcalc 2019/12/15 v1.3 Expandable calculations with integers (HO)
)
\Hy@SavedSpaceFactor=\count338

(/usr/share/texlive/texmf-dist/tex/latex/hyperref/puenc.def
File: puenc.def 2024-11-05 v7.01l Hyperref: PDF Unicode definition (HO)
Now handling font encoding PU ...
... no UTF-8 mapping file for font encoding PU
)
Package hyperref Info: Hyper figures OFF on input line 4157.
Package hyperref Info: Link nesting OFF on input line 4162.
Package hyperref Info: Hyper index ON on input line 4165.
Package hyperref Info: Plain pages OFF on input line 4172.
Package hyperref Info: Backreferencing OFF on input line 4177.
Package hyperref Info: Implicit mode ON; LaTeX internals redefined.
Package hyperref Info: Bookmarks ON on input line 4424.
\c@Hy@tempcnt=\count339

(/usr/share/texlive/texmf-dist/tex/latex/url/url.sty
\Urlmuskip=\muskip18
Package: url 2013/09/16  ver 3.4  Verb mode for urls, etc.
)
LaTeX Info: Redefining \url on input line 4763.
\XeTeXLinkMargin=\dimen257

(/usr/share/texlive/texmf-dist/tex/generic/bitset/bitset.sty
Package: bitset 2019/12/09 v1.3 Handle bit-vector datatype (HO)

(/usr/share/texlive/texmf-dist/tex/generic/bigintcalc/bigintcalc.sty
Package: bigintcalc 2019/12/15 v1.5 Expandable calculations on big integers (HO
)
))
\Fld@menulength=\count340
\Field@Width=\dimen258
\Fld@charsize=\dimen259
Package hyperref Info: Hyper figures OFF on input line 6042.
Package hyperref Info: Link nesting OFF on input line 6047.
Package hyperref Info: Hyper index ON on input line 6050.
Package hyperref Info: backreferencing OFF on input line 6057.
Package hyperref Info: Link coloring OFF on input line 6062.
Package hyperref Info: Link coloring with OCG OFF on input line 6067.
Package hyperref Info: PDF/A mode OFF on input line 6072.

(/usr/share/texlive/texmf-dist/tex/latex/base/atbegshi-ltx.sty
Package: atbegshi-ltx 2021/01/10 v1.0c Emulation of the original atbegshi
package with kernel methods
)
\Hy@abspage=\count341
\c@Item=\count342
\c@Hfootnote=\count343
)
Package hyperref Info: Driver (autodetected): hpdftex.

(/usr/share/texlive/texmf-dist/tex/latex/hyperref/hpdftex.def
File: hpdftex.def 2024-11-05 v7.01l Hyperref driver for pdfTeX

(/usr/share/texlive/texmf-dist/tex/latex/base/atveryend-ltx.sty
Package: atveryend-ltx 2020/08/19 v1.0a Emulation of the original atveryend pac
kage
with kernel methods
)
\Fld@listcount=\count344
\c@bookmark@seq@number=\count345

(/usr/share/texlive/texmf-dist/tex/latex/rerunfilecheck/rerunfilecheck.sty
Package: rerunfilecheck 2022-07-10 v1.10 Rerun checks for auxiliary files (HO)

(/usr/share/texlive/texmf-dist/tex/generic/uniquecounter/uniquecounter.sty
Package: uniquecounter 2019/12/15 v1.4 Provide unlimited unique counter (HO)
)
Package uniquecounter Info: New unique counter `rerunfilecheck' on input line 2
85.
)
\Hy@SectionHShift=\skip74
)
Package hyperref Info: Option `colorlinks' set `true' on input line 52.


Package hyperref Warning: Option `bookmarks' has already been used,
(hyperref)                setting the option has no effect on input line 52.

Package hyperref Info: Option `bookmarksnumbered' set `true' on input line 52.
\c@definition=\count346
\c@example=\count347
\c@exercise=\count348
\c@theorem=\count349
\c@assumption=\count350
\c@remark=\count351
\c@note=\count352
(/usr/share/texlive/texmf-dist/tex/latex/xcolor/xcolor.sty
Package: xcolor 2024/09/29 v3.02 LaTeX color extensions (UK)

(/usr/share/texlive/texmf-dist/tex/latex/graphics-cfg/color.cfg
File: color.cfg 2016/01/02 v1.6 sample color configuration
)
Package xcolor Info: Driver file: pdftex.def on input line 274.

(/usr/share/texlive/texmf-dist/tex/latex/graphics/mathcolor.ltx)
Package xcolor Info: Model `cmy' substituted by `cmy0' on input line 1349.
Package xcolor Info: Model `hsb' substituted by `rgb' on input line 1353.
Package xcolor Info: Model `RGB' extended on input line 1365.
Package xcolor Info: Model `HTML' substituted by `rgb' on input line 1367.
Package xcolor Info: Model `Hsb' substituted by `hsb' on input line 1368.
Package xcolor Info: Model `tHsb' substituted by `hsb' on input line 1369.
Package xcolor Info: Model `HSB' substituted by `hsb' on input line 1370.
Package xcolor Info: Model `Gray' substituted by `gray' on input line 1371.
Package xcolor Info: Model `wave' substituted by `hsb' on input line 1372.
)
(/usr/share/texlive/texmf-dist/tex/latex/l3backend/l3backend-pdftex.def
File: l3backend-pdftex.def 2024-05-08 L3 backend support: PDF output (pdfTeX)
\l__color_backend_stack_int=\count353
\l__pdf_internal_box=\box72
)
(./main.aux (./chapters/part1_foundations/ch01_potential_outcomes.aux)
(./chapters/part1_foundations/ch02_randomized_experiments.aux)
(./chapters/part1_foundations/ch03_statistical_inference.aux)
(./chapters/part2_selection_observables/ch04_propensity_score.aux)
(./chapters/part2_selection_observables/ch05_weighting.aux)
(./chapters/part2_selection_observables/ch06_cate.aux)
(./chapters/part2_selection_observables/ch07_causal_forests.aux)
(./chapters/part2_selection_observables/ch08_sensitivity.aux)
(./chapters/part3_selection_unobservables/ch09_iv.aux)
(./chapters/part3_selection_unobservables/ch10_weak_instruments.aux)
(./chapters/part3_selection_unobservables/ch11_control_function.aux)
(./chapters/part3_selection_unobservables/ch12_bounds.aux)
(./chapters/part4_natural_experiments/ch13_did_classic.aux)
(./chapters/part4_natural_experiments/ch14_did_modern.aux)
(./chapters/part4_natural_experiments/ch15_rdd.aux)
(./chapters/part4_natural_experiments/ch16_scm.aux)
(./chapters/part4_natural_experiments/ch17_kink_bunching.aux)
(./chapters/part5_advanced/ch18_qte.aux)
(./chapters/part5_advanced/ch19_mte.aux)
(./chapters/part5_advanced/ch20_mediation.aux)
(./chapters/part5_advanced/ch21_selection_panel.aux)
(./chapters/part5_advanced/ch22_dtr.aux)
(./chapters/part6_implementation/ch23_principal_strat.aux)
(./chapters/part6_implementation/ch24_bayesian.aux)
(./chapters/part6_implementation/ch25_validation.aux)
(./chapters/appendices/app_julia.aux))
\openout1 = `main.aux'.

LaTeX Font Info:    Checking defaults for OML/cmm/m/it on input line 131.
LaTeX Font Info:    ... okay on input line 131.
LaTeX Font Info:    Checking defaults for OMS/cmsy/m/n on input line 131.
LaTeX Font Info:    ... okay on input line 131.
LaTeX Font Info:    Checking defaults for OT1/cmr/m/n on input line 131.
LaTeX Font Info:    ... okay on input line 131.
LaTeX Font Info:    Checking defaults for T1/cmr/m/n on input line 131.
LaTeX Font Info:    ... okay on input line 131.
LaTeX Font Info:    Checking defaults for TS1/cmr/m/n on input line 131.
LaTeX Font Info:    ... okay on input line 131.
LaTeX Font Info:    Checking defaults for OMX/cmex/m/n on input line 131.
LaTeX Font Info:    ... okay on input line 131.
LaTeX Font Info:    Checking defaults for U/cmr/m/n on input line 131.
LaTeX Font Info:    ... okay on input line 131.
LaTeX Font Info:    Checking defaults for PD1/pdf/m/n on input line 131.
LaTeX Font Info:    ... okay on input line 131.
LaTeX Font Info:    Checking defaults for PU/pdf/m/n on input line 131.
LaTeX Font Info:    ... okay on input line 131.
LaTeX Font Info:    Trying to load font information for U+msa on input line 131
.

(/usr/share/texlive/texmf-dist/tex/latex/amsfonts/umsa.fd
File: umsa.fd 2013/01/14 v3.01 AMS symbols A
)
LaTeX Font Info:    Trying to load font information for U+msb on input line 131
.

(/usr/share/texlive/texmf-dist/tex/latex/amsfonts/umsb.fd
File: umsb.fd 2013/01/14 v3.01 AMS symbols B
)
(/usr/share/texlive/texmf-dist/tex/context/base/mkii/supp-pdf.mkii
[Loading MPS to PDF converter (version 2006.09.02).]
\scratchcounter=\count354
\scratchdimen=\dimen260
\scratchbox=\box73
\nofMPsegments=\count355
\nofMParguments=\count356
\everyMPshowfont=\toks41
\MPscratchCnt=\count357
\MPscratchDim=\dimen261
\MPnumerator=\count358
\makeMPintoPDFobject=\count359
\everyMPtoPDFconversion=\toks42
) (/usr/share/texlive/texmf-dist/tex/latex/epstopdf-pkg/epstopdf-base.sty
Package: epstopdf-base 2020-01-24 v2.11 Base part for package epstopdf
Package epstopdf-base Info: Redefining graphics rule for `.eps' on input line 4
85.

(/usr/share/texlive/texmf-dist/tex/latex/latexconfig/epstopdf-sys.cfg
File: epstopdf-sys.cfg 2010/07/13 v1.3 Configuration of (r)epstopdf for TeX Liv
e
))
Package caption Info: Begin \AtBeginDocument code.
Package caption Info: hyperref package is loaded.
Package caption Info: longtable package is loaded.

(/usr/share/texlive/texmf-dist/tex/latex/caption/ltcaption.sty
Package: ltcaption 2021/01/08 v1.4c longtable captions (AR)
)
Package caption Info: End \AtBeginDocument code.
Package hyperref Info: Link coloring ON on input line 131.
 (./main.out)
(./main.out)
\@outlinefile=\write4
\openout4 = `main.out'.



[1




{/var/lib/texmf/fonts/map/pdftex/updmap/pdftex.map}]

[2]
Contents
(./main.toc

[3


]
Underfull \vbox (badness 1137) has occurred while \output is active []



[4]
Underfull \vbox (badness 4660) has occurred while \output is active []



[5]

[6]

[7])
\tf@toc=\write5
\openout5 = `main.toc'.



[8]
Chapter 1


[9


]

Package hyperref Warning: Token not allowed in a PDF string (Unicode):
(hyperref)                removing `\leavevmode@ifvmode' on input line 186.


Package hyperref Warning: Token not allowed in a PDF string (Unicode):
(hyperref)                \kern 5.475pt
(hyperref)                replaced by space on input line 186.


Package hyperref Warning: Token not allowed in a PDF string (Unicode):
(hyperref)                removing `\noindent' on input line 186.



[1




]
\openout2 = `chapters/part1_foundations/ch01_potential_outcomes.aux'.

 (./chapters/part1_foundations/ch01_potential_outcomes.tex
Chapter 2


[2



]
Overfull \hbox (4.09286pt too wide) in paragraph at lines 49--50
[]\OT1/cmr/m/n/10.95 Section [][]4[][]: In-tro-duces population-level causal es
-ti-mands (ATE, ATT,
 []


Overfull \hbox (1.05124pt too wide) in paragraph at lines 51--52
[]\OT1/cmr/m/n/10.95 Section [][]6[][]: Pre-views iden-ti-fi-ca-tion strate-gie
s de-vel-oped in later chap-
 []



[3]

[4]
Overfull \hbox (1.90697pt too wide) in paragraph at lines 169--170
 \OT1/cmr/bx/n/10.95 3.1.The Miss-ing Data Prob-lem.[] \OT1/cmr/m/n/10.95 The \
OT1/cmr/m/it/10.95 fun-da-men-tal prob-lem of causal
 []



[5]

[6]

[7]

[8]

[9]

[10]
Overfull \hbox (3.50662pt too wide) in paragraph at lines 489--490
[]\OT1/cmr/bx/n/10.95 Synthetic Con-trol\OT1/cmr/m/n/10.95 : Con-struct coun-te
r-fac-tu-als from weighted com-
 []



[11])

[12]
\openout2 = `chapters/part1_foundations/ch02_randomized_experiments.aux'.

 (./chapters/part1_foundations/ch02_randomized_experiments.tex
Chapter 3


[13





]
Overfull \hbox (3.87843pt too wide) in paragraph at lines 72--73
 \OT1/cmr/bx/n/10.95 2.1.The Ran-dom-iza-tion Dis-tri-bu-tion.[] \OT1/cmr/m/n/1
0.95 With $\OML/cmm/m/it/10.95 n$ \OT1/cmr/m/n/10.95 units and $\OML/cmm/m/it/1
0.95 n[]$ \OT1/cmr/m/n/10.95 treated,
 []


Overfull \hbox (3.92035pt too wide) in paragraph at lines 82--83
 \OT1/cmr/bx/n/10.95 2.2.Balance in Ex-pec-ta-tion.[] \OT1/cmr/m/n/10.95 Un-der
 com-plete ran-dom-iza-tion, treated
 []



[14]
Overfull \hbox (3.2721pt too wide) in paragraph at lines 126--127
[][][]\OT1/cmr/m/sc/10.95 Theorem \OT1/cmr/m/n/10.95 3.2 (Un-bi-ased-ness)\OT1/
cmr/m/sc/10.95 . []\OT1/cmr/m/it/10.95 Un-der ran-dom as-sign-ment, the differe
nce-
 []



[15]

[16]

[17]

[18]

[19]
\pydata@fh@_FAD58DE7366495DB4650CFEFAC2FCD61.data.minted=\write6
\openout6 = `_FAD58DE7366495DB4650CFEFAC2FCD61.data.minted'.

runsystem(latexminted config  --timestamp 20251231160801 FAD58DE7366495DB4650CF
EFAC2FCD61)...executed.

 (./_FAD58DE7366495DB4650CFEFAC2FCD61.config.minted)
runsystem(latexminted cleanconfig  --timestamp 20251231160801 FAD58DE7366495DB4
650CFEFAC2FCD61)...executed.


(./_minted/default.style.minted)
(./_minted/68068EE827ECCA5923167DB3DF7E47C4.highlight.minted
LaTeX Font Info:    Font shape `OT1/cmtt/bx/n' in size <10> not available
(Font)              Font shape `OT1/cmtt/m/n' tried instead on input line 2.
)

[20] (./_minted/9AC60CBF7F33303A69329BEF1A5E728D.highlight.minted)
(./_minted/E78A9316B9B1D67DB31A9AC389E64BE5.highlight.minted)
Overfull \hbox (3.30138pt too wide) in paragraph at lines 465--466
 \OT1/cmr/bx/n/10.95 7.4.Permutation Tests.[] \OT1/cmr/m/n/10.95 The \OT1/cmtt/
m/n/10.95 permutation[]test \OT1/cmr/m/n/10.95 func-tion im-ple-ments
 []

(./_minted/A8874886C7E7610F78E890C3593052FD.highlight.minted

[21])

[22]

[23]
Overfull \hbox (2.10321pt too wide) in paragraph at lines 614--615
 \OT1/cmr/bx/n/10.95 10.3.Looking Ahead.[] \OT1/cmr/m/n/10.95 Chap-ter [][]4[][
] de-vel-ops sta-tis-ti-cal in-fer-ence in more
 []

)

[24]
\openout2 = `chapters/part1_foundations/ch03_statistical_inference.aux'.

 (./chapters/part1_foundations/ch03_statistical_inference.tex
Chapter 4


[25





]

[26]

[27]

[28]
Overfull \hbox (4.24721pt too wide) in paragraph at lines 286--287
[][]\OT1/cmr/m/it/10.95 Percentile: Sim-ple, bi-
 []


Overfull \hbox (4.29305pt too wide) in paragraph at lines 326--327
 \OT1/cmr/bx/n/10.95 5.2.Sample Size For-mula.[] \OT1/cmr/m/n/10.95 For the dif
ference-in-means es-ti-ma-tor with
 []



[29]

[30]
Overfull \hbox (3.26198pt too wide) in paragraph at lines 394--395
 \OT1/cmr/bx/n/10.95 6.2.Data Gen-er-at-ing Pro-cesses.[] \OT1/cmr/m/n/10.95 A 
well-designed Monte Carlo study
 []

(./_minted/2AB49A192D21C51FB30D552ABE785606.highlight.minted)

[31]

[32] (./_minted/3F21D2258EF4AD3E2FE57DCF40B9FD1D.highlight.minted

[33]) (./_minted/62A5BBF64331F209101F87DA3D122556.highlight.minted)
(./_minted/CE8EBFBF1B07B7065570F43AFE63CEBF.highlight.minted

[34])

[35])

[36]

Package hyperref Warning: Token not allowed in a PDF string (Unicode):
(hyperref)                removing `\leavevmode@ifvmode' on input line 197.


Package hyperref Warning: Token not allowed in a PDF string (Unicode):
(hyperref)                \kern 5.475pt
(hyperref)                replaced by space on input line 197.


Package hyperref Warning: Token not allowed in a PDF string (Unicode):
(hyperref)                removing `\noindent' on input line 197.



[37




]
\openout2 = `chapters/part2_selection_observables/ch04_propensity_score.aux'.

 (./chapters/part2_selection_observables/ch04_propensity_score.tex
Chapter 5

Overfull \hbox (1.07pt too wide) in paragraph at lines 14--15
[]\OT1/cmr/m/n/10.95 In Chap-ter [][]3[][], we es-tab-lished that ran-dom-ized 
ex-per-i-ments iden-tify causal
 []



[38



]

[39]

[40]

[41]

[42] (./_minted/E49D96DA56D13BD6E87120CD759A588E.highlight.minted)

[43] (./_minted/6BC7842FA38B9AA8033187D3FBDC61F4.highlight.minted

[44]) (./_minted/D192287D6F29C5BF25FF032D87DB96BA.highlight.minted

[45]) (./_minted/C9596081B5AEDB158D6BF65486962C63.highlight.minted

[46]) (./_minted/0B98825B8060E744BC22457AF2766324.highlight.minted)
(./_minted/9749E8CB77AC53A90F9A623C40FD9051.highlight.minted

[47])
Overfull \hbox (1.29655pt too wide) in paragraph at lines 602--603
[]\OT1/cmr/bx/n/10.95 Coverage is con-ser-va-tive\OT1/cmr/m/n/10.95 : Abadie-Im
bens vari-ance tends to over-
 []



[48]

[49]
Overfull \hbox (3.13734pt too wide) in paragraph at lines 700--701
 \OT1/cmr/bx/n/10.95 10.3.Looking Ahead.[] \OT1/cmr/m/n/10.95 Chap-ter [][]6[][
] de-vel-ops weight-ing es-ti-ma-tors (IPW,
 []

)

[50]
\openout2 = `chapters/part2_selection_observables/ch05_weighting.aux'.

 (./chapters/part2_selection_observables/ch05_weighting.tex
Chapter 6


[51





]

[52]

[53]

[54]

[55] (./_minted/735C40DC22CF028469BF73BD470736A8.highlight.minted

[56]
Underfull \vbox (badness 10000) has occurred while \output is active []



[57]) (./_minted/766D2B4A5EED8E05E5A285281FA38DFD.highlight.minted

[58]) (./_minted/2BFB9E739B81477171F4A0D530C8E6F6.highlight.minted

[59])
Underfull \vbox (badness 10000) has occurred while \output is active []



[60] (./_minted/7CD99DD1D524C9AAC88ED2396E01465F.highlight.minted)

[61]
Overfull \hbox (2.72623pt too wide) in paragraph at lines 608--609
[]\OT1/cmr/bx/n/10.95 Doubly Ro-bust\OT1/cmr/m/n/10.95 : Con-sis-tent if \OT1/c
mr/m/it/10.95 ei-ther \OT1/cmr/m/n/10.95 propen-sity \OT1/cmr/m/it/10.95 or \OT
1/cmr/m/n/10.95 out-come model
 []



[62])

[63]
\openout2 = `chapters/part2_selection_observables/ch06_cate.aux'.

 (./chapters/part2_selection_observables/ch06_cate.tex
Chapter 7


[64





]
Overfull \hbox (4.66612pt too wide) in paragraph at lines 132--133
[][]\OT1/cmr/m/n/10.95 Fit sep-a-rate mod-els on each treat-
 []



[65]

[66]

[67]

[68] (./_minted/519F35FD51F7F96A7823AD1FDFF9EB80.highlight.minted

[69]

[70]) (./_minted/2DE5F1FA5609BB3D18D33AE18A472B0D.highlight.minted

[71]) (./_minted/3986EA7F78413FA24D4E62BF0CB632C1.highlight.minted

[72]) (./_minted/5FE97B00A877125B387E709644177296.highlight.minted)

[73]

[74{/usr/share/texmf/fonts/enc/dvips/cm-super/cm-super-ts1.enc}])

[75]
\openout2 = `chapters/part2_selection_observables/ch07_causal_forests.aux'.

 (./chapters/part2_selection_observables/ch07_causal_forests.tex
Chapter 8


[76





]

[77] (./_minted/D897C8D4374D5024718AD8AE0E2D5C3F.highlight.minted

[78]

[79])

[80])

[81]
\openout2 = `chapters/part2_selection_observables/ch08_sensitivity.aux'.

 (./chapters/part2_selection_observables/ch08_sensitivity.tex
Chapter 9

Overfull \hbox (1.32721pt too wide) in paragraph at lines 18--19
[]\OT1/cmr/bx/n/10.95 Rosenbaum bounds\OT1/cmr/m/n/10.95 : Crit-i-cal con-found
-ing level for matched stud-
 []



[82





]

[83]

[84] (./_minted/C6229E1936ED2A18C536E0AA75C59B52.highlight.minted

[85]

[86]) (./_minted/631BE861232B217BFE798B3F4965669A.highlight.minted

[87]
Underfull \vbox (badness 10000) has occurred while \output is active []



[88])

[89])

[90]

Package hyperref Warning: Token not allowed in a PDF string (Unicode):
(hyperref)                removing `\leavevmode@ifvmode' on input line 210.


Package hyperref Warning: Token not allowed in a PDF string (Unicode):
(hyperref)                \kern 5.475pt
(hyperref)                replaced by space on input line 210.


Package hyperref Warning: Token not allowed in a PDF string (Unicode):
(hyperref)                removing `\noindent' on input line 210.



[91




]
\openout2 = `chapters/part3_selection_unobservables/ch09_iv.aux'.

 (./chapters/part3_selection_unobservables/ch09_iv.tex
Chapter 10


[92



]

[93]
Overfull \hbox (1.84537pt too wide) in paragraph at lines 161--162
[]\OT1/cmr/m/n/10.95 From the struc-tural equa-tion $\OML/cmm/m/it/10.95 Y \OT1
/cmr/m/n/10.95 = \OML/cmm/m/it/10.95 ^^LD \OT1/cmr/m/n/10.95 + \OML/cmm/m/it/10
.95 "$ \OT1/cmr/m/n/10.95 and ex-clu-sion $\U/msb/m/n/10.95 E\OT1/cmr/m/n/10.95
 [\OML/cmm/m/it/10.95 "\OMS/cmsy/m/n/10.95 j\OML/cmm/m/it/10.95 Z\OT1/cmr/m/n/1
0.95 ] =
 []



[94]
Overfull \hbox (2.96162pt too wide) in paragraph at lines 289--290
[][][]\OT1/cmr/m/sc/10.95 Definition \OT1/cmr/m/n/10.95 10.4 (Fuller Es-ti-ma-t
or)\OT1/cmr/m/sc/10.95 . []\OT1/cmr/m/n/10.95 The Fuller es-ti-ma-tor mod-i-fie
s LIML
 []



[95]

[96]
Overfull \hbox (3.34424pt too wide) in paragraph at lines 373--374
 \OT1/cmr/bx/n/10.95 7.1.Standard Er-rors.[] \OT1/cmr/m/n/10.95 Three vari-ance
 es-ti-ma-tion ap-proaches are avail-
 []

(./_minted/B82BA1C9A9466BE4BDC2A4B0D2C90BCB.highlight.minted

[97]) (./_minted/5DFED62EDAE23F32F7A918481367C081.highlight.minted)
(./_minted/6EA0CE2F621D31C71E3D252111F51908.highlight.minted

[98])

[99]

[100])

[101]
\openout2 = `chapters/part3_selection_unobservables/ch10_weak_instruments.aux'.

 (./chapters/part3_selection_unobservables/ch10_weak_instruments.tex
Chapter 11


[102





]

[103]

[104]

[105]
Package hyperref Info: bookmark level for unknown algorithm defaults to 0 on in
put line 232.

Overfull \hbox (1.75539pt too wide) in paragraph at lines 250--251
[][][]\OT1/cmr/m/sc/10.95 Remark \OT1/cmr/m/n/10.95 11.2\OT1/cmr/m/sc/10.95 . [
]\OT1/cmr/m/n/10.95 With con-trols $\OML/cmm/m/it/10.95 X$\OT1/cmr/m/n/10.95 , 
in-stru-ments must be resid-u-al-ized: $\OML/cmm/m/it/10.95 Z[] \OT1/cmr/m/n/10
.95 =
 []



[106]

[107] (./_minted/D0AB9B8A7C5ECF202E3D868E2D1CF6FE.highlight.minted)
(./_minted/83659493A68764A69CFBD62B16B1FFFD.highlight.minted

[108]) (./_minted/878AFFF55CDEA37E94CA8628FA660C49.highlight.minted)
(./_minted/E3E34707F17BEC0BBCD05640A925765E.highlight.minted

[109])
Overfull \hbox (4.5625pt too wide) in paragraph at lines 479--499
 [][] 
 []



[110]

[111])

[112]
\openout2 = `chapters/part3_selection_unobservables/ch11_control_function.aux'.

 (./chapters/part3_selection_unobservables/ch11_control_function.tex
Chapter 12


[113





]

[114]

[115] (./_minted/1B3893C36DC169D685564D8293C4C927.highlight.minted

[116])

[117] (./_minted/5A4F9E58B863EA85B9D6C96347A9F50B.highlight.minted)
Underfull \vbox (badness 2142) has occurred while \output is active []



[118]

[119])

[120]

[121]
\openout2 = `chapters/part3_selection_unobservables/ch12_bounds.aux'.

 (./chapters/part3_selection_unobservables/ch12_bounds.tex
Chapter 13

Overfull \hbox (21.7772pt too wide) in paragraph at lines 47--48
[]\OT1/cmr/m/n/10.95 The start-ing point for par-tial iden-ti-fi-ca-tion is Man
-ski's (1990) \OT1/cmr/m/it/10.95 no-assumptions
 []


Underfull \vbox (badness 1137) has occurred while \output is active []



[122





]

[123]
Overfull \hbox (43.51617pt too wide) detected at line 128
[]
 []



[124]

[125]
Overfull \hbox (13.41165pt too wide) in paragraph at lines 298--299
 \OT1/cmr/bx/n/10.95 7.4.Tightening with Co-vari-ates.[] \OT1/cmr/m/n/10.95 Co-
vari-ates $\OML/cmm/m/it/10.95 X$ \OT1/cmr/m/n/10.95 can tighten Lee bounds
 []



[126] (./_minted/A30688EF30DC22E1C83C082C9B4F5F45.highlight.minted

[127]) (./_minted/2FB70D7E058AEF865D6FC356E0FB560C.highlight.minted

[128])

[129]
Overfull \hbox (24.52295pt too wide) in paragraph at lines 457--472
 [][] 
 []



[130])

[131]

Package hyperref Warning: Token not allowed in a PDF string (Unicode):
(hyperref)                removing `\leavevmode@ifvmode' on input line 222.


Package hyperref Warning: Token not allowed in a PDF string (Unicode):
(hyperref)                \kern 5.475pt
(hyperref)                replaced by space on input line 222.


Package hyperref Warning: Token not allowed in a PDF string (Unicode):
(hyperref)                removing `\noindent' on input line 222.



[132




]
\openout2 = `chapters/part4_natural_experiments/ch13_did_classic.aux'.

 (./chapters/part4_natural_experiments/ch13_did_classic.tex
Chapter 14

Package hyperref Warning: Token not allowed in a PDF string (Unicode):
(hyperref)                removing `math shift' on input line 33.


Package hyperref Warning: Token not allowed in a PDF string (Unicode):
(hyperref)                removing `\times' on input line 33.


Package hyperref Warning: Token not allowed in a PDF string (Unicode):
(hyperref)                removing `math shift' on input line 33.


Underfull \vbox (badness 10000) has occurred while \output is active []



[133



]
Overfull \hbox (8.60756pt too wide) detected at line 48
[][][]\OML/cmm/m/it/10.95 ^^\[] \OT1/cmr/m/n/10.95 = [] \OMS/cmsy/m/n/10.95 ^^@
 []
 []



[134]
Overfull \hbox (6.9615pt too wide) in paragraph at lines 120--122
$\U/msa/m/n/10.95 F$ \OT1/cmr/bx/n/10.95 In-sight: \OT1/cmr/m/it/10.95 Par-al-l
el trends is an as-sump-tion about \OT1/cmr/m/n/10.95 coun-ter-fac-tual \OT1/cm
r/m/it/10.95 outcomes---
 []



[135]

[136]
Overfull \hbox (1.84862pt too wide) in paragraph at lines 255--256
[][][]\OT1/cmr/m/sc/10.95 Remark \OT1/cmr/m/n/10.95 14.3 (Few Clus-ters Prob-le
m)\OT1/cmr/m/sc/10.95 . []\OT1/cmr/m/n/10.95 The \OT1/cmtt/m/n/10.95 causal[]in
ference[]mastery
 []



[137] (./_minted/ABF8CB3409834F9C366E652EEABE61D8.highlight.minted

[138]) (./_minted/65BAF7E49A8FF2441AA463C2A8FB754B.highlight.minted)
(./_minted/627A67CEA3652B218060AA776339B6CF.highlight.minted

[139]) (./_minted/917A3A8EDE2DCB475529859073C202D1.highlight.minted

[140])

[141]
Overfull \hbox (1.87123pt too wide) in paragraph at lines 516--517
[]\OT1/cmr/m/n/10.95 DiD com-pares changes over time be-tween treated and con-t
rol groups 
 []



[142])

[143]
\openout2 = `chapters/part4_natural_experiments/ch14_did_modern.aux'.

 (./chapters/part4_natural_experiments/ch14_did_modern.tex
Chapter 15

Overfull \hbox (18.86362pt too wide) in paragraph at lines 45--46
 \OT1/cmr/bx/n/10.95 2.2.Goodman-Bacon De-com-po-si-tion.[] [][]\OT1/cmr/m/n/10
.95 Goodman-Bacon[][] ([][]2021[][]) showed
 []



[144





] (./_minted/75209C11D341AC7D3C19A22139B4886A.highlight.minted

[145])
Overfull \hbox (17.37206pt too wide) in paragraph at lines 151--152
[][]\OT1/cmr/bx/n/10.95 Simple (over-all)\OT1/cmr/m/n/10.95 : Av-
 []


Overfull \hbox (1.22916pt too wide) in paragraph at lines 168--169
 \OT1/cmr/bx/n/10.95 3.5.Inference.[] \OT1/cmr/m/n/10.95 Stan-dard er-rors are 
com-puted via mul-ti-plier boot-strap: 
 []



[146]
Overfull \hbox (33.8447pt too wide) in paragraph at lines 216--227
 [][] 
 []



[147] (./_minted/94F418098B2B536709613178A918B43D.highlight.minted)
(./_minted/02F97690DD6ED0A0B148121D5E96B03F.highlight.minted

[148]) (./_minted/0310237CDA2DDFD5308D9B4F063FC81B.highlight.minted)
(./_minted/29F5DD0C2C60C03A769ED01C4AA85628.highlight.minted

[149]) (./_minted/521C91C2D95E529FBB2682A457A3A2C9.highlight.minted)
Overfull \hbox (3.04881pt too wide) in paragraph at lines 364--365
 \OT1/cmr/bx/n/10.95 7.1.Data-Generating Pro-cess.[] \OT1/cmr/m/n/10.95 We sim-
u-late stag-gered adop-tion with
 []



[150]
Overfull \hbox (40.08801pt too wide) in paragraph at lines 414--415
[]\OT1/cmr/m/n/10.95 Yes $\OMS/cmsy/m/n/10.95 !$ \OT1/cmr/m/n/10.95 Use Callawa
y-Sant'Anna with \OT1/cmtt/m/n/10.95 control[]group="nevertreated" 
 []



[151])

[152]
\openout2 = `chapters/part4_natural_experiments/ch15_rdd.aux'.

 (./chapters/part4_natural_experiments/ch15_rdd.tex
Chapter 16

Overfull \hbox (2.56714pt too wide) in paragraph at lines 14--15
\OT1/cmr/m/n/10.95 units just above and be-low the thresh-old are ef-fec-tively
 randomized---creating
 []



[153





]

[154]

[155]

[156]

[157]

[158]
Overfull \hbox (1.4103pt too wide) in paragraph at lines 377--378
[][][]\OT1/cmr/m/sc/10.95 Definition \OT1/cmr/m/n/10.95 16.9 (Placebo Cut-off T
est)\OT1/cmr/m/sc/10.95 . []\OT1/cmr/m/n/10.95 Test for dis-con-ti-nu-ities at 
``fake''
 []



[159]
Overfull \hbox (11.52611pt too wide) in paragraph at lines 409--410
 \OT1/cmr/bx/n/10.95 7.4.Bandwidth Sen-si-tiv-ity.[] \OT1/cmr/m/n/10.95 Re-port
 es-ti-mates for mul-ti-ple band-widths: 
 []

(./_minted/DF6A552C5267D160DA8441C68A172E34.highlight.minted

[160]) (./_minted/C00B2D000370721CCEA6C4186E7BDEE2.highlight.minted)
(./_minted/DDFCD6CD1DA55EF810E349C2001EC6AF.highlight.minted

[161]) (./_minted/1FD348BF9641B0FF10C30EDFD4131380.highlight.minted

[162])

[163]
Overfull \hbox (6.80875pt too wide) in paragraph at lines 624--625
 \OT1/cmr/bx/n/10.95 10.3.Reporting Rec-om-men-da-tions.[] \OT1/cmr/m/n/10.95 A
 cred-i-ble RDD anal-y-sis should
 []


Overfull \hbox (3.15123pt too wide) in paragraph at lines 640--641
[]\OT1/cmr/bx/n/10.95 Covariate ad-just-ment with-out jus-ti-fi-ca-tion\OT1/cmr
/m/n/10.95 : Co-vari-ates should
 []



[164])

[165]
\openout2 = `chapters/part4_natural_experiments/ch16_scm.aux'.

 (./chapters/part4_natural_experiments/ch16_scm.tex
Chapter 17


[166





]

[167]
Overfull \hbox (5.48396pt too wide) in paragraph at lines 103--104
[]\OT1/cmr/bx/n/10.95 Good pre-fit\OT1/cmr/m/n/10.95 : Syn-thetic con-trol matc
hes treated unit pre-treatment 
 []


Overfull \hbox (11.89723pt too wide) in paragraph at lines 113--114
 \OT1/cmr/bx/n/10.95 3.1.Objective Func-tion.[] \OT1/cmr/m/n/10.95 Weights are 
cho-sen to min-i-mize pre-treatment
 []


Overfull \hbox (18.82263pt too wide) in paragraph at lines 154--155
[][]\OT1/cmr/bx/n/10.95 Identity\OT1/cmr/m/n/10.95 : $\OT1/cmr/bx/n/10.95 V \OT
1/cmr/m/n/10.95 = \OT1/cmr/bx/n/10.95 I[]$ \OT1/cmr/m/n/10.95 (equal
 []



[168]
Overfull \hbox (80.79951pt too wide) in paragraph at lines 194--195
[][]\OT1/cmr/bx/n/10.95 RMSE\OT1/cmr/m/n/10.95 : $[]$ 
 []


Overfull \hbox (34.35683pt too wide) in paragraph at lines 220--221
[][]\OT1/cmr/bx/n/10.95 Sparse weights
 []



[169]

[170]

[171] (./_minted/75C90A550F0A12E99BB9123EF54A31EA.highlight.minted)
(./_minted/B735FDB7120E9500B327C21FD9C678C3.highlight.minted

[172]) (./_minted/DBDE60B17FC0AAF8B239BB72F807EB9B.highlight.minted

[173]) (./_minted/C44FC2F5CE1369E70DB58C36688C7858.highlight.minted)

[174]

[175]

[176])

[177]
\openout2 = `chapters/part4_natural_experiments/ch17_kink_bunching.aux'.

 (./chapters/part4_natural_experiments/ch17_kink_bunching.tex
Chapter 18

Overfull \hbox (19.02998pt too wide) in paragraph at lines 7--8
[]\OT1/cmr/m/it/10.95 This chap-ter cov-ers re-gres-sion kink de-sign (RKD) and
 bunch-ing estimation---
 []


Overfull \hbox (2.20265pt too wide) in paragraph at lines 14--15
[]\OT1/cmr/m/n/10.95 Many poli-cies fea-ture thresh-olds where the \OT1/cmr/m/i
t/10.95 in-ten-sity \OT1/cmr/m/n/10.95 of treat-ment changes
 []



[178





]

[179]

[180]

[181]
Overfull \hbox (10.4441pt too wide) in paragraph at lines 266--267
[][][]\OT1/cmr/m/sc/10.95 Definition \OT1/cmr/m/n/10.95 18.9 (Nor-mal-ized Bunc
h-ing)\OT1/cmr/m/sc/10.95 . []\OT1/cmr/m/n/10.95 The nor-mal-ized bunch-ing sta
tis-
 []


Overfull \hbox (5.08688pt too wide) in paragraph at lines 275--276
 \OT1/cmr/bx/n/10.95 6.3.Elasticity Es-ti-ma-tion.[] \OT1/cmr/m/n/10.95 Un-der 
the as-sump-tion that bunch-ers come
 []


Overfull \hbox (1.2027pt too wide) in paragraph at lines 288--289
[]\OT1/cmr/m/n/10.95 With isoe-las-tic pref-er-ences, the mar-ginal buncher ear
ns
 []



[182]
Overfull \hbox (4.8222pt too wide) in paragraph at lines 332--333
 \OT1/cmr/bx/n/10.95 7.2.Bounds on Elas-tic-i-ties.[] \OT1/cmr/m/n/10.95 With f
ric-tions, bunch-ing pro-vides a lower
 []

(./_minted/28D7E79820C75A6DB46A63ABD5F80499.highlight.minted

[183]) (./_minted/0917C927AE474A323934256442795BC0.highlight.minted

[184]) (./_minted/6FCE91F8762B29051CCC8E4099719C9B.highlight.minted

[185]) (./_minted/B9539AB5FCA06AAD2E74EE63A634F703.highlight.minted)

[186]
Overfull \hbox (36.18668pt too wide) in paragraph at lines 546--556
 [] 
 []



[187]
Underfull \vbox (badness 2035) has occurred while \output is active []



[188])

[189]

Package hyperref Warning: Token not allowed in a PDF string (Unicode):
(hyperref)                removing `\leavevmode@ifvmode' on input line 235.


Package hyperref Warning: Token not allowed in a PDF string (Unicode):
(hyperref)                \kern 5.475pt
(hyperref)                replaced by space on input line 235.


Package hyperref Warning: Token not allowed in a PDF string (Unicode):
(hyperref)                removing `\noindent' on input line 235.



[190




]
\openout2 = `chapters/part5_advanced/ch18_qte.aux'.

 (./chapters/part5_advanced/ch18_qte.tex
Chapter 19


[191



]

[192]
Overfull \hbox (5.1625pt too wide) in paragraph at lines 135--136
 \OT1/cmr/bx/n/10.95 3.1.The Quan-tile Re-gres-sion Model.[] \OT1/cmr/m/n/10.95
 The con-di-tional quan-tile func-
 []



[193]

[194]
Overfull \hbox (5.38312pt too wide) in paragraph at lines 258--259
 \OT1/cmr/bx/n/10.95 5.1.Pointwise Con-fi-dence In-ter-vals.[] \OT1/cmr/m/n/10.
95 Boot-strap pro-vides valid point-
 []



[195] (./_minted/628F4B3559C9B3A646E0BCDA1EDA0755.highlight.minted

[196]) (./_minted/574BCCF2E44EC1656943C93DBCFD2BB3.highlight.minted)
(./_minted/E4A62DD19092CEA998CD9B142411777D.highlight.minted

[197])

[198]

[199])

[200]
\openout2 = `chapters/part5_advanced/ch19_mte.aux'.

 (./chapters/part5_advanced/ch19_mte.tex
Chapter 20


[201





]
Overfull \hbox (109.76965pt too wide) detected at line 75
[]
 []


Overfull \hbox (3.85667pt too wide) in paragraph at lines 98--108
 [][] 
 []



[202]
Overfull \hbox (7.4743pt too wide) in paragraph at lines 160--161
 \OT1/cmr/bx/n/10.95 4.1.Local In-stru-men-tal Vari-ables.[] \OT1/cmr/m/n/10.95
 The pri-mary es-ti-ma-tion ap-proach
 []



[203]

! LaTeX Error: Unknown float option `L'.

See the LaTeX manual or LaTeX Companion for explanation.
Type  H <return>  for immediate help.
 ...                                              
                                                  
l.173 \begin{algorithm}[Local IV Estimation]
                                            
Option `L' ignored and `p' used.


! LaTeX Error: Unknown float option `o'.

See the LaTeX manual or LaTeX Companion for explanation.
Type  H <return>  for immediate help.
 ...                                              
                                                  
l.173 \begin{algorithm}[Local IV Estimation]
                                            
Option `o' ignored and `p' used.


! LaTeX Error: Unknown float option `c'.

See the LaTeX manual or LaTeX Companion for explanation.
Type  H <return>  for immediate help.
 ...                                              
                                                  
l.173 \begin{algorithm}[Local IV Estimation]
                                            
Option `c' ignored and `p' used.


! LaTeX Error: Unknown float option `a'.

See the LaTeX manual or LaTeX Companion for explanation.
Type  H <return>  for immediate help.
 ...                                              
                                                  
l.173 \begin{algorithm}[Local IV Estimation]
                                            
Option `a' ignored and `p' used.


! LaTeX Error: Unknown float option `l'.

See the LaTeX manual or LaTeX Companion for explanation.
Type  H <return>  for immediate help.
 ...                                              
                                                  
l.173 \begin{algorithm}[Local IV Estimation]
                                            
Option `l' ignored and `p' used.


! LaTeX Error: Unknown float option `I'.

See the LaTeX manual or LaTeX Companion for explanation.
Type  H <return>  for immediate help.
 ...                                              
                                                  
l.173 \begin{algorithm}[Local IV Estimation]
                                            
Option `I' ignored and `p' used.


! LaTeX Error: Unknown float option `V'.

See the LaTeX manual or LaTeX Companion for explanation.
Type  H <return>  for immediate help.
 ...                                              
                                                  
l.173 \begin{algorithm}[Local IV Estimation]
                                            
Option `V' ignored and `p' used.


! LaTeX Error: Unknown float option `E'.

See the LaTeX manual or LaTeX Companion for explanation.
Type  H <return>  for immediate help.
 ...                                              
                                                  
l.173 \begin{algorithm}[Local IV Estimation]
                                            
Option `E' ignored and `p' used.


! LaTeX Error: Unknown float option `s'.

See the LaTeX manual or LaTeX Companion for explanation.
Type  H <return>  for immediate help.
 ...                                              
                                                  
l.173 \begin{algorithm}[Local IV Estimation]
                                            
Option `s' ignored and `p' used.


! LaTeX Error: Unknown float option `i'.

See the LaTeX manual or LaTeX Companion for explanation.
Type  H <return>  for immediate help.
 ...                                              
                                                  
l.173 \begin{algorithm}[Local IV Estimation]
                                            
Option `i' ignored and `p' used.


! LaTeX Error: Unknown float option `m'.

See the LaTeX manual or LaTeX Companion for explanation.
Type  H <return>  for immediate help.
 ...                                              
                                                  
l.173 \begin{algorithm}[Local IV Estimation]
                                            
Option `m' ignored and `p' used.


! LaTeX Error: Unknown float option `a'.

See the LaTeX manual or LaTeX Companion for explanation.
Type  H <return>  for immediate help.
 ...                                              
                                                  
l.173 \begin{algorithm}[Local IV Estimation]
                                            
Option `a' ignored and `p' used.


! LaTeX Error: Unknown float option `i'.

See the LaTeX manual or LaTeX Companion for explanation.
Type  H <return>  for immediate help.
 ...                                              
                                                  
l.173 \begin{algorithm}[Local IV Estimation]
                                            
Option `i' ignored and `p' used.


! LaTeX Error: Unknown float option `o'.

See the LaTeX manual or LaTeX Companion for explanation.
Type  H <return>  for immediate help.
 ...                                              
                                                  
l.173 \begin{algorithm}[Local IV Estimation]
                                            
Option `o' ignored and `p' used.


! LaTeX Error: Unknown float option `n'.

See the LaTeX manual or LaTeX Companion for explanation.
Type  H <return>  for immediate help.
 ...                                              
                                                  
l.173 \begin{algorithm}[Local IV Estimation]
                                            
Option `n' ignored and `p' used.



[204]

[205]
Overfull \hbox (9.3723pt too wide) in paragraph at lines 285--286
 \OT1/cmr/bx/n/10.95 5.4.Policy-Relevant Treat-ment Ef-fects.[] \OT1/cmr/m/n/10
.95 The PRTE an-swers: ``What
 []


! LaTeX Error: Unknown float option `C'.

See the LaTeX manual or LaTeX Companion for explanation.
Type  H <return>  for immediate help.
 ...                                              
                                                  
l.321 \begin{algorithm}[Common Support Diagnostic]
                                                  
Option `C' ignored and `p' used.


! LaTeX Error: Unknown float option `o'.

See the LaTeX manual or LaTeX Companion for explanation.
Type  H <return>  for immediate help.
 ...                                              
                                                  
l.321 \begin{algorithm}[Common Support Diagnostic]
                                                  
Option `o' ignored and `p' used.


! LaTeX Error: Unknown float option `m'.

See the LaTeX manual or LaTeX Companion for explanation.
Type  H <return>  for immediate help.
 ...                                              
                                                  
l.321 \begin{algorithm}[Common Support Diagnostic]
                                                  
Option `m' ignored and `p' used.


! LaTeX Error: Unknown float option `m'.

See the LaTeX manual or LaTeX Companion for explanation.
Type  H <return>  for immediate help.
 ...                                              
                                                  
l.321 \begin{algorithm}[Common Support Diagnostic]
                                                  
Option `m' ignored and `p' used.


! LaTeX Error: Unknown float option `o'.

See the LaTeX manual or LaTeX Companion for explanation.
Type  H <return>  for immediate help.
 ...                                              
                                                  
l.321 \begin{algorithm}[Common Support Diagnostic]
                                                  
Option `o' ignored and `p' used.


! LaTeX Error: Unknown float option `n'.

See the LaTeX manual or LaTeX Companion for explanation.
Type  H <return>  for immediate help.
 ...                                              
                                                  
l.321 \begin{algorithm}[Common Support Diagnostic]
                                                  
Option `n' ignored and `p' used.


! LaTeX Error: Unknown float option `S'.

See the LaTeX manual or LaTeX Companion for explanation.
Type  H <return>  for immediate help.
 ...                                              
                                                  
l.321 \begin{algorithm}[Common Support Diagnostic]
                                                  
Option `S' ignored and `p' used.


! LaTeX Error: Unknown float option `u'.

See the LaTeX manual or LaTeX Companion for explanation.
Type  H <return>  for immediate help.
 ...                                              
                                                  
l.321 \begin{algorithm}[Common Support Diagnostic]
                                                  
Option `u' ignored and `p' used.


! LaTeX Error: Unknown float option `o'.

See the LaTeX manual or LaTeX Companion for explanation.
Type  H <return>  for immediate help.
 ...                                              
                                                  
l.321 \begin{algorithm}[Common Support Diagnostic]
                                                  
Option `o' ignored and `p' used.


! LaTeX Error: Unknown float option `r'.

See the LaTeX manual or LaTeX Companion for explanation.
Type  H <return>  for immediate help.
 ...                                              
                                                  
l.321 \begin{algorithm}[Common Support Diagnostic]
                                                  
Option `r' ignored and `p' used.


! LaTeX Error: Unknown float option `D'.

See the LaTeX manual or LaTeX Companion for explanation.
Type  H <return>  for immediate help.
 ...                                              
                                                  
l.321 \begin{algorithm}[Common Support Diagnostic]
                                                  
Option `D' ignored and `p' used.


! LaTeX Error: Unknown float option `i'.

See the LaTeX manual or LaTeX Companion for explanation.
Type  H <return>  for immediate help.
 ...                                              
                                                  
l.321 \begin{algorithm}[Common Support Diagnostic]
                                                  
Option `i' ignored and `p' used.


! LaTeX Error: Unknown float option `a'.

See the LaTeX manual or LaTeX Companion for explanation.
Type  H <return>  for immediate help.
 ...                                              
                                                  
l.321 \begin{algorithm}[Common Support Diagnostic]
                                                  
Option `a' ignored and `p' used.


! LaTeX Error: Unknown float option `g'.

See the LaTeX manual or LaTeX Companion for explanation.
Type  H <return>  for immediate help.
 ...                                              
                                                  
l.321 \begin{algorithm}[Common Support Diagnostic]
                                                  
Option `g' ignored and `p' used.


! LaTeX Error: Unknown float option `n'.

See the LaTeX manual or LaTeX Companion for explanation.
Type  H <return>  for immediate help.
 ...                                              
                                                  
l.321 \begin{algorithm}[Common Support Diagnostic]
                                                  
Option `n' ignored and `p' used.


! LaTeX Error: Unknown float option `o'.

See the LaTeX manual or LaTeX Companion for explanation.
Type  H <return>  for immediate help.
 ...                                              
                                                  
l.321 \begin{algorithm}[Common Support Diagnostic]
                                                  
Option `o' ignored and `p' used.


! LaTeX Error: Unknown float option `s'.

See the LaTeX manual or LaTeX Companion for explanation.
Type  H <return>  for immediate help.
 ...                                              
                                                  
l.321 \begin{algorithm}[Common Support Diagnostic]
                                                  
Option `s' ignored and `p' used.


! LaTeX Error: Unknown float option `i'.

See the LaTeX manual or LaTeX Companion for explanation.
Type  H <return>  for immediate help.
 ...                                              
                                                  
l.321 \begin{algorithm}[Common Support Diagnostic]
                                                  
Option `i' ignored and `p' used.


! LaTeX Error: Unknown float option `c'.

See the LaTeX manual or LaTeX Companion for explanation.
Type  H <return>  for immediate help.
 ...                                              
                                                  
l.321 \begin{algorithm}[Common Support Diagnostic]
                                                  
Option `c' ignored and `p' used.



[206]
Overfull \hbox (24.73769pt too wide) in paragraph at lines 355--356
[]\OT1/cmr/bx/n/10.95 Monotonicity\OT1/cmr/m/n/10.95 : Check frac-tion of grid 
points with in-creas-ing/decreasing
 []

(./_minted/D1971FA6E688CF4B6764F0BA59DB23CF.highlight.minted

[207]) (./_minted/81AB8A8583A74C1E889D07F011B068E2.highlight.minted

[208]) (./_minted/ADD86B4B2CE9FEA3314CEC5CEE22ACCD.highlight.minted

[209]) (./_minted/DE5A6ADD9292F4F2FB23776DB7E05C84.highlight.minted

[210])

[211]
Overfull \hbox (3.4542pt too wide) in paragraph at lines 600--601
[]\OT1/cmr/m/n/10.95 Identification re-quires in-stru-ment vari-a-tion in-duc-i
ng propen-sity sup-
 []


Overfull \hbox (8.57883pt too wide) in paragraph at lines 609--625
 [][] 
 []

)

[212]

[213]
\openout2 = `chapters/part5_advanced/ch20_mediation.aux'.

 (./chapters/part5_advanced/ch20_mediation.tex
Chapter 21
)

[214





]
\openout2 = `chapters/part5_advanced/ch21_selection_panel.aux'.

 (./chapters/part5_advanced/ch21_selection_panel.tex
Chapter 22
)

[215





]
\openout2 = `chapters/part5_advanced/ch22_dtr.aux'.

 (./chapters/part5_advanced/ch22_dtr.tex
Chapter 23
)

[216





]

Package hyperref Warning: Token not allowed in a PDF string (Unicode):
(hyperref)                removing `\leavevmode@ifvmode' on input line 248.


Package hyperref Warning: Token not allowed in a PDF string (Unicode):
(hyperref)                \kern 5.475pt
(hyperref)                replaced by space on input line 248.


Package hyperref Warning: Token not allowed in a PDF string (Unicode):
(hyperref)                removing `\noindent' on input line 248.



[217




]
\openout2 = `chapters/part6_implementation/ch23_principal_strat.aux'.

 (./chapters/part6_implementation/ch23_principal_strat.tex
Chapter 24
)

[218



]
\openout2 = `chapters/part6_implementation/ch24_bayesian.aux'.

 (./chapters/part6_implementation/ch24_bayesian.tex
Chapter 25
)

[219





]
\openout2 = `chapters/part6_implementation/ch25_validation.aux'.

 (./chapters/part6_implementation/ch25_validation.tex
Chapter 26
)

[220





]
\openout2 = `chapters/appendices/app_julia.aux'.

 (./chapters/appendices/app_julia.tex
Appendix A
(./_minted/0A2D238216A1EE81D2733D4A0FBEBF0A.highlight.minted)
(./_minted/1B8E8B3ACC4107BEC61664D1E815B487.highlight.minted

[221







]) (./_minted/BA253B6FB0287C699EAEDE05473CC2D1.highlight.minted)
(./_minted/1836E11378762E7D2BBDADB9A3FC23C6.highlight.minted
Underfull \vbox (badness 3872) has occurred while \output is active []



[222]) (./_minted/F0C4C09283513D2BB301EA5EB0E38BFF.highlight.minted

[223]) (./_minted/57BD2838A0CD00E82606A344D068D5CB.highlight.minted

[224]) (./_minted/65DD4A8036A1C1A321919F48D4F77F41.highlight.minted

[225]) (./_minted/8687C7116FCB435BD3EB3C243499577A.highlight.minted

[226]) (./_minted/392460E8C6B3652C410FD6AAC9E10D5D.highlight.minted)
(./_minted/2CC1A523175C981826F8B82E0B414E02.highlight.minted

[227]) (./_minted/48D477B574548337A69D44791E494B0E.highlight.minted

[228]) (./_minted/65A7D83D978F7FA8CA061E27CEC18369.highlight.minted)
(./_minted/47FDF1946DEE192F88002385359C0BB5.highlight.minted

[229]) (./_minted/50C969E43DF4FAA8B4C1BF2C328F0744.highlight.minted)
(./_minted/E8ACEB690596D94F1006440495A7C9AC.highlight.minted))

[230] (./main.bbl
Bibliography

Underfull \vbox (badness 10000) has occurred while \output is active []



[231




]
Underfull \vbox (badness 10000) has occurred while \output is active []



[232]
Underfull \vbox (badness 10000) has occurred while \output is active []



[233])

[234] (./main.aux (./chapters/part1_foundations/ch01_potential_outcomes.aux)
(./chapters/part1_foundations/ch02_randomized_experiments.aux)
(./chapters/part1_foundations/ch03_statistical_inference.aux)
(./chapters/part2_selection_observables/ch04_propensity_score.aux)
(./chapters/part2_selection_observables/ch05_weighting.aux)
(./chapters/part2_selection_observables/ch06_cate.aux)
(./chapters/part2_selection_observables/ch07_causal_forests.aux)
(./chapters/part2_selection_observables/ch08_sensitivity.aux)
(./chapters/part3_selection_unobservables/ch09_iv.aux)
(./chapters/part3_selection_unobservables/ch10_weak_instruments.aux)
(./chapters/part3_selection_unobservables/ch11_control_function.aux)
(./chapters/part3_selection_unobservables/ch12_bounds.aux)
(./chapters/part4_natural_experiments/ch13_did_classic.aux)
(./chapters/part4_natural_experiments/ch14_did_modern.aux)
(./chapters/part4_natural_experiments/ch15_rdd.aux)
(./chapters/part4_natural_experiments/ch16_scm.aux)
(./chapters/part4_natural_experiments/ch17_kink_bunching.aux)
(./chapters/part5_advanced/ch18_qte.aux)
(./chapters/part5_advanced/ch19_mte.aux)
(./chapters/part5_advanced/ch20_mediation.aux)
(./chapters/part5_advanced/ch21_selection_panel.aux)
(./chapters/part5_advanced/ch22_dtr.aux)
(./chapters/part6_implementation/ch23_principal_strat.aux)
(./chapters/part6_implementation/ch24_bayesian.aux)
(./chapters/part6_implementation/ch25_validation.aux)
(./chapters/appendices/app_julia.aux))
 ***********
LaTeX2e <2024-11-01> patch level 2
L3 programming layer <2025-01-18>
 ***********
Package rerunfilecheck Info: File `main.out' has not changed.
(rerunfilecheck)             Checksum: 079DA383C78E7FC7C5CC34E069426F56;40914.
 ) 
Here is how much of TeX's memory you used:
 22579 strings out of 473197
 450438 string characters out of 5718604
 907918 words of memory out of 5000000
 42724 multiletter control sequences out of 15000+600000
 574154 words of font info for 94 fonts, out of 8000000 for 9000
 1302 hyphenation exceptions out of 8191
 85i,16n,93p,742b,1111s stack positions out of 10000i,1000n,20000p,200000b,200000s
</usr/share/texlive/texmf-dist/fonts/type1/public/amsfonts/cm/cmbx10.pfb></us
r/share/texlive/texmf-dist/fonts/type1/public/amsfonts/cm/cmbx12.pfb></usr/shar
e/texlive/texmf-dist/fonts/type1/public/amsfonts/cm/cmbx8.pfb></usr/share/texli
ve/texmf-dist/fonts/type1/public/amsfonts/cm/cmbxti10.pfb></usr/share/texlive/t
exmf-dist/fonts/type1/public/amsfonts/cm/cmcsc10.pfb></usr/share/texlive/texmf-
dist/fonts/type1/public/amsfonts/cm/cmex10.pfb></usr/share/texlive/texmf-dist/f
onts/type1/public/amsfonts/cmextra/cmex8.pfb></usr/share/texlive/texmf-dist/fon
ts/type1/public/amsfonts/cm/cmitt10.pfb></usr/share/texlive/texmf-dist/fonts/ty
pe1/public/amsfonts/cm/cmmi10.pfb></usr/share/texlive/texmf-dist/fonts/type1/pu
blic/amsfonts/cm/cmmi6.pfb></usr/share/texlive/texmf-dist/fonts/type1/public/am
sfonts/cm/cmmi7.pfb></usr/share/texlive/texmf-dist/fonts/type1/public/amsfonts/
cm/cmmi8.pfb></usr/share/texlive/texmf-dist/fonts/type1/public/amsfonts/cm/cmmi
b10.pfb></usr/share/texlive/texmf-dist/fonts/type1/public/amsfonts/cmextra/cmmi
b8.pfb></usr/share/texlive/texmf-dist/fonts/type1/public/amsfonts/cm/cmr10.pfb>
</usr/share/texlive/texmf-dist/fonts/type1/public/amsfonts/cm/cmr17.pfb></usr/s
hare/texlive/texmf-dist/fonts/type1/public/amsfonts/cm/cmr6.pfb></usr/share/tex
live/texmf-dist/fonts/type1/public/amsfonts/cm/cmr7.pfb></usr/share/texlive/tex
mf-dist/fonts/type1/public/amsfonts/cm/cmr8.pfb></usr/share/texlive/texmf-dist/
fonts/type1/public/amsfonts/cm/cmr9.pfb></usr/share/texlive/texmf-dist/fonts/ty
pe1/public/amsfonts/cm/cmsy10.pfb></usr/share/texlive/texmf-dist/fonts/type1/pu
blic/amsfonts/cm/cmsy6.pfb></usr/share/texlive/texmf-dist/fonts/type1/public/am
sfonts/cm/cmsy7.pfb></usr/share/texlive/texmf-dist/fonts/type1/public/amsfonts/
cm/cmsy8.pfb></usr/share/texlive/texmf-dist/fonts/type1/public/amsfonts/cm/cmti
10.pfb></usr/share/texlive/texmf-dist/fonts/type1/public/amsfonts/cm/cmti8.pfb>
</usr/share/texlive/texmf-dist/fonts/type1/public/amsfonts/cm/cmtt10.pfb></usr/
share/texlive/texmf-dist/fonts/type1/public/amsfonts/symbols/msam10.pfb></usr/s
hare/texlive/texmf-dist/fonts/type1/public/amsfonts/symbols/msbm10.pfb></usr/sh
are/texmf/fonts/type1/public/cm-super/sfrm1095.pfb>
Output written on main.pdf (243 pages, 1033384 bytes).
PDF statistics:
 4899 PDF objects out of 5155 (max. 8388607)
 4548 compressed objects within 46 object streams
 2267 named destinations out of 2487 (max. 500000)
 1849 words of extra memory for PDF output out of 10000 (max. 10000000)

