\BOOKMARK [0][-]{chapter.1}{\376\377\000C\000h\000a\000p\000t\000e\000r\000\040\0001\000.\000\040\000P\000r\000e\000f\000a\000c\000e}{}% 1
\BOOKMARK [-1][-]{part.1}{\376\377\000P\000a\000r\000t\000\040\0001\000.\000\040\000\040\000F\000o\000u\000n\000d\000a\000t\000i\000o\000n\000s}{}% 2
\BOOKMARK [0][-]{chapter.2}{\376\377\000C\000h\000a\000p\000t\000e\000r\000\040\0002\000.\000\040\000T\000h\000e\000\040\000P\000o\000t\000e\000n\000t\000i\000a\000l\000\040\000O\000u\000t\000c\000o\000m\000e\000s\000\040\000F\000r\000a\000m\000e\000w\000o\000r\000k}{part.1}% 3
\BOOKMARK [1][-]{section.2.1}{\376\377\0001\000.\000\040\000I\000n\000t\000r\000o\000d\000u\000c\000t\000i\000o\000n}{chapter.2}% 4
\BOOKMARK [1][-]{section.2.2}{\376\377\0002\000.\000\040\000T\000h\000e\000\040\000P\000o\000t\000e\000n\000t\000i\000a\000l\000\040\000O\000u\000t\000c\000o\000m\000e\000s\000\040\000F\000r\000a\000m\000e\000w\000o\000r\000k}{chapter.2}% 5
\BOOKMARK [1][-]{section.2.3}{\376\377\0003\000.\000\040\000T\000h\000e\000\040\000F\000u\000n\000d\000a\000m\000e\000n\000t\000a\000l\000\040\000P\000r\000o\000b\000l\000e\000m\000\040\000o\000f\000\040\000C\000a\000u\000s\000a\000l\000\040\000I\000n\000f\000e\000r\000e\000n\000c\000e}{chapter.2}% 6
\BOOKMARK [1][-]{section.2.4}{\376\377\0004\000.\000\040\000A\000v\000e\000r\000a\000g\000e\000\040\000T\000r\000e\000a\000t\000m\000e\000n\000t\000\040\000E\000f\000f\000e\000c\000t\000s}{chapter.2}% 7
\BOOKMARK [1][-]{section.2.5}{\376\377\0005\000.\000\040\000T\000h\000e\000\040\000S\000U\000T\000V\000A\000\040\000A\000s\000s\000u\000m\000p\000t\000i\000o\000n}{chapter.2}% 8
\BOOKMARK [1][-]{section.2.6}{\376\377\0006\000.\000\040\000I\000d\000e\000n\000t\000i\000f\000i\000c\000a\000t\000i\000o\000n\000\040\000S\000t\000r\000a\000t\000e\000g\000i\000e\000s}{chapter.2}% 9
\BOOKMARK [1][-]{section.2.7}{\376\377\0007\000.\000\040\000S\000u\000m\000m\000a\000r\000y}{chapter.2}% 10
\BOOKMARK [0][-]{chapter.3}{\376\377\000C\000h\000a\000p\000t\000e\000r\000\040\0003\000.\000\040\000R\000a\000n\000d\000o\000m\000i\000z\000e\000d\000\040\000E\000x\000p\000e\000r\000i\000m\000e\000n\000t\000s}{part.1}% 11
\BOOKMARK [1][-]{section.3.1}{\376\377\0001\000.\000\040\000I\000n\000t\000r\000o\000d\000u\000c\000t\000i\000o\000n}{chapter.3}% 12
\BOOKMARK [1][-]{section.3.2}{\376\377\0002\000.\000\040\000C\000o\000m\000p\000l\000e\000t\000e\000\040\000R\000a\000n\000d\000o\000m\000i\000z\000a\000t\000i\000o\000n}{chapter.3}% 13
\BOOKMARK [1][-]{section.3.3}{\376\377\0003\000.\000\040\000E\000s\000t\000i\000m\000a\000t\000i\000o\000n}{chapter.3}% 14
\BOOKMARK [1][-]{section.3.4}{\376\377\0004\000.\000\040\000S\000t\000r\000a\000t\000i\000f\000i\000e\000d\000\040\000R\000a\000n\000d\000o\000m\000i\000z\000a\000t\000i\000o\000n}{chapter.3}% 15
\BOOKMARK [1][-]{section.3.5}{\376\377\0005\000.\000\040\000C\000o\000v\000a\000r\000i\000a\000t\000e\000\040\000A\000d\000j\000u\000s\000t\000m\000e\000n\000t}{chapter.3}% 16
\BOOKMARK [1][-]{section.3.6}{\376\377\0006\000.\000\040\000R\000a\000n\000d\000o\000m\000i\000z\000a\000t\000i\000o\000n\000\040\000I\000n\000f\000e\000r\000e\000n\000c\000e}{chapter.3}% 17
\BOOKMARK [1][-]{section.3.7}{\376\377\0007\000.\000\040\000I\000m\000p\000l\000e\000m\000e\000n\000t\000a\000t\000i\000o\000n}{chapter.3}% 18
\BOOKMARK [1][-]{section.3.8}{\376\377\0008\000.\000\040\000V\000a\000l\000i\000d\000a\000t\000i\000o\000n}{chapter.3}% 19
\BOOKMARK [1][-]{section.3.9}{\376\377\0009\000.\000\040\000P\000r\000a\000c\000t\000i\000c\000a\000l\000\040\000G\000u\000i\000d\000a\000n\000c\000e}{chapter.3}% 20
\BOOKMARK [1][-]{section.3.10}{\376\377\0001\0000\000.\000\040\000S\000u\000m\000m\000a\000r\000y}{chapter.3}% 21
\BOOKMARK [0][-]{chapter.4}{\376\377\000C\000h\000a\000p\000t\000e\000r\000\040\0004\000.\000\040\000S\000t\000a\000t\000i\000s\000t\000i\000c\000a\000l\000\040\000I\000n\000f\000e\000r\000e\000n\000c\000e\000\040\000f\000o\000r\000\040\000T\000r\000e\000a\000t\000m\000e\000n\000t\000\040\000E\000f\000f\000e\000c\000t\000s}{part.1}% 22
\BOOKMARK [1][-]{section.4.1}{\376\377\0001\000.\000\040\000I\000n\000t\000r\000o\000d\000u\000c\000t\000i\000o\000n}{chapter.4}% 23
\BOOKMARK [1][-]{section.4.2}{\376\377\0002\000.\000\040\000V\000a\000r\000i\000a\000n\000c\000e\000\040\000E\000s\000t\000i\000m\000a\000t\000i\000o\000n}{chapter.4}% 24
\BOOKMARK [1][-]{section.4.3}{\376\377\0003\000.\000\040\000H\000y\000p\000o\000t\000h\000e\000s\000i\000s\000\040\000T\000e\000s\000t\000i\000n\000g}{chapter.4}% 25
\BOOKMARK [1][-]{section.4.4}{\376\377\0004\000.\000\040\000C\000o\000n\000f\000i\000d\000e\000n\000c\000e\000\040\000I\000n\000t\000e\000r\000v\000a\000l\000s}{chapter.4}% 26
\BOOKMARK [1][-]{section.4.5}{\376\377\0005\000.\000\040\000P\000o\000w\000e\000r\000\040\000A\000n\000a\000l\000y\000s\000i\000s}{chapter.4}% 27
\BOOKMARK [1][-]{section.4.6}{\376\377\0006\000.\000\040\000M\000o\000n\000t\000e\000\040\000C\000a\000r\000l\000o\000\040\000V\000a\000l\000i\000d\000a\000t\000i\000o\000n\000\040\000M\000e\000t\000h\000o\000d\000o\000l\000o\000g\000y}{chapter.4}% 28
\BOOKMARK [1][-]{section.4.7}{\376\377\0007\000.\000\040\000I\000m\000p\000l\000e\000m\000e\000n\000t\000a\000t\000i\000o\000n}{chapter.4}% 29
\BOOKMARK [1][-]{section.4.8}{\376\377\0008\000.\000\040\000S\000u\000m\000m\000a\000r\000y}{chapter.4}% 30
\BOOKMARK [-1][-]{part.2}{\376\377\000P\000a\000r\000t\000\040\0002\000.\000\040\000\040\000S\000e\000l\000e\000c\000t\000i\000o\000n\000\040\000o\000n\000\040\000O\000b\000s\000e\000r\000v\000a\000b\000l\000e\000s}{}% 31
\BOOKMARK [0][-]{chapter.5}{\376\377\000C\000h\000a\000p\000t\000e\000r\000\040\0005\000.\000\040\000P\000r\000o\000p\000e\000n\000s\000i\000t\000y\000\040\000S\000c\000o\000r\000e\000\040\000M\000e\000t\000h\000o\000d\000s}{part.2}% 32
\BOOKMARK [1][-]{section.5.1}{\376\377\0001\000.\000\040\000I\000n\000t\000r\000o\000d\000u\000c\000t\000i\000o\000n}{chapter.5}% 33
\BOOKMARK [1][-]{section.5.2}{\376\377\0002\000.\000\040\000T\000h\000e\000\040\000P\000r\000o\000p\000e\000n\000s\000i\000t\000y\000\040\000S\000c\000o\000r\000e}{chapter.5}% 34
\BOOKMARK [1][-]{section.5.3}{\376\377\0003\000.\000\040\000P\000r\000o\000p\000e\000n\000s\000i\000t\000y\000\040\000S\000c\000o\000r\000e\000\040\000E\000s\000t\000i\000m\000a\000t\000i\000o\000n}{chapter.5}% 35
\BOOKMARK [1][-]{section.5.4}{\376\377\0004\000.\000\040\000M\000a\000t\000c\000h\000i\000n\000g\000\040\000A\000l\000g\000o\000r\000i\000t\000h\000m\000s}{chapter.5}% 36
\BOOKMARK [1][-]{section.5.5}{\376\377\0005\000.\000\040\000B\000a\000l\000a\000n\000c\000e\000\040\000D\000i\000a\000g\000n\000o\000s\000t\000i\000c\000s}{chapter.5}% 37
\BOOKMARK [1][-]{section.5.6}{\376\377\0006\000.\000\040\000V\000a\000r\000i\000a\000n\000c\000e\000\040\000E\000s\000t\000i\000m\000a\000t\000i\000o\000n}{chapter.5}% 38
\BOOKMARK [1][-]{section.5.7}{\376\377\0007\000.\000\040\000I\000m\000p\000l\000e\000m\000e\000n\000t\000a\000t\000i\000o\000n}{chapter.5}% 39
\BOOKMARK [1][-]{section.5.8}{\376\377\0008\000.\000\040\000V\000a\000l\000i\000d\000a\000t\000i\000o\000n}{chapter.5}% 40
\BOOKMARK [1][-]{section.5.9}{\376\377\0009\000.\000\040\000P\000r\000a\000c\000t\000i\000c\000a\000l\000\040\000G\000u\000i\000d\000a\000n\000c\000e}{chapter.5}% 41
\BOOKMARK [1][-]{section.5.10}{\376\377\0001\0000\000.\000\040\000S\000u\000m\000m\000a\000r\000y}{chapter.5}% 42
\BOOKMARK [0][-]{chapter.6}{\376\377\000C\000h\000a\000p\000t\000e\000r\000\040\0006\000.\000\040\000W\000e\000i\000g\000h\000t\000i\000n\000g\000\040\000E\000s\000t\000i\000m\000a\000t\000o\000r\000s}{part.2}% 43
\BOOKMARK [1][-]{section.6.1}{\376\377\0001\000.\000\040\000I\000n\000t\000r\000o\000d\000u\000c\000t\000i\000o\000n}{chapter.6}% 44
\BOOKMARK [1][-]{section.6.2}{\376\377\0002\000.\000\040\000I\000n\000v\000e\000r\000s\000e\000\040\000P\000r\000o\000b\000a\000b\000i\000l\000i\000t\000y\000\040\000W\000e\000i\000g\000h\000t\000i\000n\000g}{chapter.6}% 45
\BOOKMARK [1][-]{section.6.3}{\376\377\0003\000.\000\040\000O\000u\000t\000c\000o\000m\000e\000\040\000R\000e\000g\000r\000e\000s\000s\000i\000o\000n}{chapter.6}% 46
\BOOKMARK [1][-]{section.6.4}{\376\377\0004\000.\000\040\000D\000o\000u\000b\000l\000y\000\040\000R\000o\000b\000u\000s\000t\000\040\000E\000s\000t\000i\000m\000a\000t\000i\000o\000n}{chapter.6}% 47
\BOOKMARK [1][-]{section.6.5}{\376\377\0005\000.\000\040\000T\000a\000r\000g\000e\000t\000e\000d\000\040\000M\000a\000x\000i\000m\000u\000m\000\040\000L\000i\000k\000e\000l\000i\000h\000o\000o\000d\000\040\000E\000s\000t\000i\000m\000a\000t\000i\000o\000n}{chapter.6}% 48
\BOOKMARK [1][-]{section.6.6}{\376\377\0006\000.\000\040\000V\000a\000r\000i\000a\000n\000c\000e\000\040\000E\000s\000t\000i\000m\000a\000t\000i\000o\000n}{chapter.6}% 49
\BOOKMARK [1][-]{section.6.7}{\376\377\0007\000.\000\040\000I\000m\000p\000l\000e\000m\000e\000n\000t\000a\000t\000i\000o\000n}{chapter.6}% 50
\BOOKMARK [1][-]{section.6.8}{\376\377\0008\000.\000\040\000M\000o\000n\000t\000e\000\040\000C\000a\000r\000l\000o\000\040\000V\000a\000l\000i\000d\000a\000t\000i\000o\000n}{chapter.6}% 51
\BOOKMARK [1][-]{section.6.9}{\376\377\0009\000.\000\040\000P\000r\000a\000c\000t\000i\000c\000a\000l\000\040\000G\000u\000i\000d\000a\000n\000c\000e}{chapter.6}% 52
\BOOKMARK [1][-]{section.6.10}{\376\377\0001\0000\000.\000\040\000S\000u\000m\000m\000a\000r\000y}{chapter.6}% 53
\BOOKMARK [0][-]{chapter.7}{\376\377\000C\000h\000a\000p\000t\000e\000r\000\040\0007\000.\000\040\000C\000o\000n\000d\000i\000t\000i\000o\000n\000a\000l\000\040\000A\000v\000e\000r\000a\000g\000e\000\040\000T\000r\000e\000a\000t\000m\000e\000n\000t\000\040\000E\000f\000f\000e\000c\000t\000s}{part.2}% 54
\BOOKMARK [1][-]{section.7.1}{\376\377\0001\000.\000\040\000I\000n\000t\000r\000o\000d\000u\000c\000t\000i\000o\000n}{chapter.7}% 55
\BOOKMARK [1][-]{section.7.2}{\376\377\0002\000.\000\040\000H\000e\000t\000e\000r\000o\000g\000e\000n\000e\000o\000u\000s\000\040\000T\000r\000e\000a\000t\000m\000e\000n\000t\000\040\000E\000f\000f\000e\000c\000t\000s}{chapter.7}% 56
\BOOKMARK [1][-]{section.7.3}{\376\377\0003\000.\000\040\000M\000e\000t\000a\000-\000l\000e\000a\000r\000n\000e\000r\000s}{chapter.7}% 57
\BOOKMARK [1][-]{section.7.4}{\376\377\0004\000.\000\040\000D\000o\000u\000b\000l\000e\000\040\000M\000a\000c\000h\000i\000n\000e\000\040\000L\000e\000a\000r\000n\000i\000n\000g}{chapter.7}% 58
\BOOKMARK [1][-]{section.7.5}{\376\377\0005\000.\000\040\000I\000m\000p\000l\000e\000m\000e\000n\000t\000a\000t\000i\000o\000n}{chapter.7}% 59
\BOOKMARK [1][-]{section.7.6}{\376\377\0006\000.\000\040\000M\000o\000n\000t\000e\000\040\000C\000a\000r\000l\000o\000\040\000V\000a\000l\000i\000d\000a\000t\000i\000o\000n}{chapter.7}% 60
\BOOKMARK [1][-]{section.7.7}{\376\377\0007\000.\000\040\000P\000r\000a\000c\000t\000i\000c\000a\000l\000\040\000G\000u\000i\000d\000a\000n\000c\000e}{chapter.7}% 61
\BOOKMARK [1][-]{section.7.8}{\376\377\0008\000.\000\040\000S\000u\000m\000m\000a\000r\000y}{chapter.7}% 62
\BOOKMARK [0][-]{chapter.8}{\376\377\000C\000h\000a\000p\000t\000e\000r\000\040\0008\000.\000\040\000C\000a\000u\000s\000a\000l\000\040\000F\000o\000r\000e\000s\000t\000s}{part.2}% 63
\BOOKMARK [1][-]{section.8.1}{\376\377\0001\000.\000\040\000I\000n\000t\000r\000o\000d\000u\000c\000t\000i\000o\000n}{chapter.8}% 64
\BOOKMARK [1][-]{section.8.2}{\376\377\0002\000.\000\040\000F\000r\000o\000m\000\040\000C\000A\000R\000T\000\040\000t\000o\000\040\000C\000a\000u\000s\000a\000l\000\040\000T\000r\000e\000e\000s}{chapter.8}% 65
\BOOKMARK [1][-]{section.8.3}{\376\377\0003\000.\000\040\000H\000o\000n\000e\000s\000t\000\040\000E\000s\000t\000i\000m\000a\000t\000i\000o\000n}{chapter.8}% 66
\BOOKMARK [1][-]{section.8.4}{\376\377\0004\000.\000\040\000G\000e\000n\000e\000r\000a\000l\000i\000z\000e\000d\000\040\000R\000a\000n\000d\000o\000m\000\040\000F\000o\000r\000e\000s\000t\000s}{chapter.8}% 67
\BOOKMARK [1][-]{section.8.5}{\376\377\0005\000.\000\040\000I\000n\000f\000e\000r\000e\000n\000c\000e}{chapter.8}% 68
\BOOKMARK [1][-]{section.8.6}{\376\377\0006\000.\000\040\000I\000m\000p\000l\000e\000m\000e\000n\000t\000a\000t\000i\000o\000n}{chapter.8}% 69
\BOOKMARK [1][-]{section.8.7}{\376\377\0007\000.\000\040\000V\000a\000l\000i\000d\000a\000t\000i\000o\000n}{chapter.8}% 70
\BOOKMARK [1][-]{section.8.8}{\376\377\0008\000.\000\040\000P\000r\000a\000c\000t\000i\000c\000a\000l\000\040\000G\000u\000i\000d\000a\000n\000c\000e}{chapter.8}% 71
\BOOKMARK [1][-]{section.8.9}{\376\377\0009\000.\000\040\000S\000u\000m\000m\000a\000r\000y}{chapter.8}% 72
\BOOKMARK [0][-]{chapter.9}{\376\377\000C\000h\000a\000p\000t\000e\000r\000\040\0009\000.\000\040\000S\000e\000n\000s\000i\000t\000i\000v\000i\000t\000y\000\040\000A\000n\000a\000l\000y\000s\000i\000s}{part.2}% 73
\BOOKMARK [1][-]{section.9.1}{\376\377\0001\000.\000\040\000I\000n\000t\000r\000o\000d\000u\000c\000t\000i\000o\000n}{chapter.9}% 74
\BOOKMARK [1][-]{section.9.2}{\376\377\0002\000.\000\040\000T\000h\000e\000\040\000P\000r\000o\000b\000l\000e\000m\000\040\000o\000f\000\040\000U\000n\000m\000e\000a\000s\000u\000r\000e\000d\000\040\000C\000o\000n\000f\000o\000u\000n\000d\000i\000n\000g}{chapter.9}% 75
\BOOKMARK [1][-]{section.9.3}{\376\377\0003\000.\000\040\000E\000-\000V\000a\000l\000u\000e\000s}{chapter.9}% 76
\BOOKMARK [1][-]{section.9.4}{\376\377\0004\000.\000\040\000R\000o\000s\000e\000n\000b\000a\000u\000m\000\040\000B\000o\000u\000n\000d\000s}{chapter.9}% 77
\BOOKMARK [1][-]{section.9.5}{\376\377\0005\000.\000\040\000I\000m\000p\000l\000e\000m\000e\000n\000t\000a\000t\000i\000o\000n}{chapter.9}% 78
\BOOKMARK [1][-]{section.9.6}{\376\377\0006\000.\000\040\000C\000o\000m\000p\000a\000r\000i\000n\000g\000\040\000E\000-\000V\000a\000l\000u\000e\000s\000\040\000a\000n\000d\000\040\000R\000o\000s\000e\000n\000b\000a\000u\000m\000\040\000B\000o\000u\000n\000d\000s}{chapter.9}% 79
\BOOKMARK [1][-]{section.9.7}{\376\377\0007\000.\000\040\000P\000r\000a\000c\000t\000i\000c\000a\000l\000\040\000G\000u\000i\000d\000a\000n\000c\000e}{chapter.9}% 80
\BOOKMARK [1][-]{section.9.8}{\376\377\0008\000.\000\040\000S\000u\000m\000m\000a\000r\000y}{chapter.9}% 81
\BOOKMARK [-1][-]{part.3}{\376\377\000P\000a\000r\000t\000\040\0003\000.\000\040\000\040\000S\000e\000l\000e\000c\000t\000i\000o\000n\000\040\000o\000n\000\040\000U\000n\000o\000b\000s\000e\000r\000v\000a\000b\000l\000e\000s}{}% 82
\BOOKMARK [0][-]{chapter.10}{\376\377\000C\000h\000a\000p\000t\000e\000r\000\040\0001\0000\000.\000\040\000I\000n\000s\000t\000r\000u\000m\000e\000n\000t\000a\000l\000\040\000V\000a\000r\000i\000a\000b\000l\000e\000s}{part.3}% 83
\BOOKMARK [1][-]{section.10.1}{\376\377\0001\000.\000\040\000I\000n\000t\000r\000o\000d\000u\000c\000t\000i\000o\000n}{chapter.10}% 84
\BOOKMARK [1][-]{section.10.2}{\376\377\0002\000.\000\040\000I\000d\000e\000n\000t\000i\000f\000i\000c\000a\000t\000i\000o\000n}{chapter.10}% 85
\BOOKMARK [1][-]{section.10.3}{\376\377\0003\000.\000\040\000T\000h\000e\000\040\000W\000a\000l\000d\000\040\000E\000s\000t\000i\000m\000a\000t\000o\000r}{chapter.10}% 86
\BOOKMARK [1][-]{section.10.4}{\376\377\0004\000.\000\040\000T\000w\000o\000-\000S\000t\000a\000g\000e\000\040\000L\000e\000a\000s\000t\000\040\000S\000q\000u\000a\000r\000e\000s}{chapter.10}% 87
\BOOKMARK [1][-]{section.10.5}{\376\377\0005\000.\000\040\000L\000I\000M\000L\000\040\000a\000n\000d\000\040\000F\000u\000l\000l\000e\000r\000\040\000E\000s\000t\000i\000m\000a\000t\000o\000r\000s}{chapter.10}% 88
\BOOKMARK [1][-]{section.10.6}{\376\377\0006\000.\000\040\000G\000M\000M\000\040\000E\000s\000t\000i\000m\000a\000t\000i\000o\000n}{chapter.10}% 89
\BOOKMARK [1][-]{section.10.7}{\376\377\0007\000.\000\040\000I\000n\000f\000e\000r\000e\000n\000c\000e}{chapter.10}% 90
\BOOKMARK [1][-]{section.10.8}{\376\377\0008\000.\000\040\000I\000m\000p\000l\000e\000m\000e\000n\000t\000a\000t\000i\000o\000n}{chapter.10}% 91
\BOOKMARK [1][-]{section.10.9}{\376\377\0009\000.\000\040\000M\000o\000n\000t\000e\000\040\000C\000a\000r\000l\000o\000\040\000V\000a\000l\000i\000d\000a\000t\000i\000o\000n}{chapter.10}% 92
\BOOKMARK [1][-]{section.10.10}{\376\377\0001\0000\000.\000\040\000P\000r\000a\000c\000t\000i\000c\000a\000l\000\040\000G\000u\000i\000d\000a\000n\000c\000e}{chapter.10}% 93
\BOOKMARK [1][-]{section.10.11}{\376\377\0001\0001\000.\000\040\000S\000u\000m\000m\000a\000r\000y}{chapter.10}% 94
\BOOKMARK [0][-]{chapter.11}{\376\377\000C\000h\000a\000p\000t\000e\000r\000\040\0001\0001\000.\000\040\000W\000e\000a\000k\000\040\000I\000n\000s\000t\000r\000u\000m\000e\000n\000t\000s}{part.3}% 95
\BOOKMARK [1][-]{section.11.1}{\376\377\0001\000.\000\040\000I\000n\000t\000r\000o\000d\000u\000c\000t\000i\000o\000n}{chapter.11}% 96
\BOOKMARK [1][-]{section.11.2}{\376\377\0002\000.\000\040\000D\000i\000a\000g\000n\000o\000s\000i\000n\000g\000\040\000W\000e\000a\000k\000\040\000I\000n\000s\000t\000r\000u\000m\000e\000n\000t\000s}{chapter.11}% 97
\BOOKMARK [1][-]{section.11.3}{\376\377\0003\000.\000\040\000B\000i\000a\000s\000\040\000a\000n\000d\000\040\000S\000i\000z\000e\000\040\000D\000i\000s\000t\000o\000r\000t\000i\000o\000n}{chapter.11}% 98
\BOOKMARK [1][-]{section.11.4}{\376\377\0004\000.\000\040\000A\000n\000d\000e\000r\000s\000o\000n\000-\000R\000u\000b\000i\000n\000\040\000T\000e\000s\000t}{chapter.11}% 99
\BOOKMARK [1][-]{section.11.5}{\376\377\0005\000.\000\040\000C\000o\000n\000d\000i\000t\000i\000o\000n\000a\000l\000\040\000L\000i\000k\000e\000l\000i\000h\000o\000o\000d\000\040\000R\000a\000t\000i\000o\000\040\000T\000e\000s\000t}{chapter.11}% 100
\BOOKMARK [1][-]{section.11.6}{\376\377\0006\000.\000\040\000R\000e\000c\000o\000m\000m\000e\000n\000d\000e\000d\000\040\000T\000e\000s\000t\000i\000n\000g\000\040\000P\000r\000o\000t\000o\000c\000o\000l}{chapter.11}% 101
\BOOKMARK [1][-]{section.11.7}{\376\377\0007\000.\000\040\000I\000m\000p\000l\000e\000m\000e\000n\000t\000a\000t\000i\000o\000n}{chapter.11}% 102
\BOOKMARK [1][-]{section.11.8}{\376\377\0008\000.\000\040\000M\000o\000n\000t\000e\000\040\000C\000a\000r\000l\000o\000\040\000V\000a\000l\000i\000d\000a\000t\000i\000o\000n}{chapter.11}% 103
\BOOKMARK [1][-]{section.11.9}{\376\377\0009\000.\000\040\000P\000r\000a\000c\000t\000i\000c\000a\000l\000\040\000G\000u\000i\000d\000a\000n\000c\000e}{chapter.11}% 104
\BOOKMARK [1][-]{section.11.10}{\376\377\0001\0000\000.\000\040\000S\000u\000m\000m\000a\000r\000y}{chapter.11}% 105
\BOOKMARK [0][-]{chapter.12}{\376\377\000C\000h\000a\000p\000t\000e\000r\000\040\0001\0002\000.\000\040\000C\000o\000n\000t\000r\000o\000l\000\040\000F\000u\000n\000c\000t\000i\000o\000n\000\040\000A\000p\000p\000r\000o\000a\000c\000h}{part.3}% 106
\BOOKMARK [1][-]{section.12.1}{\376\377\0001\000.\000\040\000I\000n\000t\000r\000o\000d\000u\000c\000t\000i\000o\000n}{chapter.12}% 107
\BOOKMARK [1][-]{section.12.2}{\376\377\0002\000.\000\040\000T\000h\000e\000\040\000C\000o\000n\000t\000r\000o\000l\000\040\000F\000u\000n\000c\000t\000i\000o\000n\000\040\000I\000d\000e\000a}{chapter.12}% 108
\BOOKMARK [1][-]{section.12.3}{\376\377\0003\000.\000\040\000L\000i\000n\000e\000a\000r\000\040\000C\000o\000n\000t\000r\000o\000l\000\040\000F\000u\000n\000c\000t\000i\000o\000n}{chapter.12}% 109
\BOOKMARK [1][-]{section.12.4}{\376\377\0004\000.\000\040\000N\000o\000n\000l\000i\000n\000e\000a\000r\000\040\000C\000o\000n\000t\000r\000o\000l\000\040\000F\000u\000n\000c\000t\000i\000o\000n}{chapter.12}% 110
\BOOKMARK [1][-]{section.12.5}{\376\377\0005\000.\000\040\000I\000n\000f\000e\000r\000e\000n\000c\000e}{chapter.12}% 111
\BOOKMARK [1][-]{section.12.6}{\376\377\0006\000.\000\040\000I\000m\000p\000l\000e\000m\000e\000n\000t\000a\000t\000i\000o\000n}{chapter.12}% 112
\BOOKMARK [1][-]{section.12.7}{\376\377\0007\000.\000\040\000M\000o\000n\000t\000e\000\040\000C\000a\000r\000l\000o\000\040\000V\000a\000l\000i\000d\000a\000t\000i\000o\000n}{chapter.12}% 113
\BOOKMARK [1][-]{section.12.8}{\376\377\0008\000.\000\040\000P\000r\000a\000c\000t\000i\000c\000a\000l\000\040\000G\000u\000i\000d\000a\000n\000c\000e}{chapter.12}% 114
\BOOKMARK [1][-]{section.12.9}{\376\377\0009\000.\000\040\000S\000u\000m\000m\000a\000r\000y}{chapter.12}% 115
\BOOKMARK [0][-]{chapter.13}{\376\377\000C\000h\000a\000p\000t\000e\000r\000\040\0001\0003\000.\000\040\000P\000a\000r\000t\000i\000a\000l\000\040\000I\000d\000e\000n\000t\000i\000f\000i\000c\000a\000t\000i\000o\000n}{part.3}% 116
\BOOKMARK [1][-]{section.13.1}{\376\377\0001\000.\000\040\000I\000n\000t\000r\000o\000d\000u\000c\000t\000i\000o\000n}{chapter.13}% 117
\BOOKMARK [1][-]{section.13.2}{\376\377\0002\000.\000\040\000M\000a\000n\000s\000k\000i\000\040\000W\000o\000r\000s\000t\000-\000C\000a\000s\000e\000\040\000B\000o\000u\000n\000d\000s}{chapter.13}% 118
\BOOKMARK [1][-]{section.13.3}{\376\377\0003\000.\000\040\000M\000o\000n\000o\000t\000o\000n\000e\000\040\000T\000r\000e\000a\000t\000m\000e\000n\000t\000\040\000R\000e\000s\000p\000o\000n\000s\000e\000\040\000\050\000M\000T\000R\000\051}{chapter.13}% 119
\BOOKMARK [1][-]{section.13.4}{\376\377\0004\000.\000\040\000M\000o\000n\000o\000t\000o\000n\000e\000\040\000T\000r\000e\000a\000t\000m\000e\000n\000t\000\040\000S\000e\000l\000e\000c\000t\000i\000o\000n\000\040\000\050\000M\000T\000S\000\051}{chapter.13}% 120
\BOOKMARK [1][-]{section.13.5}{\376\377\0005\000.\000\040\000C\000o\000m\000b\000i\000n\000e\000d\000\040\000M\000T\000R\000\040\000+\000\040\000M\000T\000S}{chapter.13}% 121
\BOOKMARK [1][-]{section.13.6}{\376\377\0006\000.\000\040\000M\000a\000n\000s\000k\000i\000\040\000I\000V\000\040\000B\000o\000u\000n\000d\000s}{chapter.13}% 122
\BOOKMARK [1][-]{section.13.7}{\376\377\0007\000.\000\040\000L\000e\000e\000\040\000B\000o\000u\000n\000d\000s\000\040\000f\000o\000r\000\040\000S\000a\000m\000p\000l\000e\000\040\000S\000e\000l\000e\000c\000t\000i\000o\000n}{chapter.13}% 123
\BOOKMARK [1][-]{section.13.8}{\376\377\0008\000.\000\040\000I\000n\000f\000e\000r\000e\000n\000c\000e\000\040\000f\000o\000r\000\040\000B\000o\000u\000n\000d\000s}{chapter.13}% 124
\BOOKMARK [1][-]{section.13.9}{\376\377\0009\000.\000\040\000I\000m\000p\000l\000e\000m\000e\000n\000t\000a\000t\000i\000o\000n}{chapter.13}% 125
\BOOKMARK [1][-]{section.13.10}{\376\377\0001\0000\000.\000\040\000M\000o\000n\000t\000e\000\040\000C\000a\000r\000l\000o\000\040\000V\000a\000l\000i\000d\000a\000t\000i\000o\000n}{chapter.13}% 126
\BOOKMARK [1][-]{section.13.11}{\376\377\0001\0001\000.\000\040\000P\000r\000a\000c\000t\000i\000c\000a\000l\000\040\000G\000u\000i\000d\000a\000n\000c\000e}{chapter.13}% 127
\BOOKMARK [1][-]{section.13.12}{\376\377\0001\0002\000.\000\040\000S\000u\000m\000m\000a\000r\000y}{chapter.13}% 128
\BOOKMARK [-1][-]{part.4}{\376\377\000P\000a\000r\000t\000\040\0004\000.\000\040\000\040\000N\000a\000t\000u\000r\000a\000l\000\040\000E\000x\000p\000e\000r\000i\000m\000e\000n\000t\000s}{}% 129
\BOOKMARK [0][-]{chapter.14}{\376\377\000C\000h\000a\000p\000t\000e\000r\000\040\0001\0004\000.\000\040\000D\000i\000f\000f\000e\000r\000e\000n\000c\000e\000-\000i\000n\000-\000D\000i\000f\000f\000e\000r\000e\000n\000c\000e\000s}{part.4}% 130
\BOOKMARK [1][-]{section.14.1}{\376\377\0001\000.\000\040\000I\000n\000t\000r\000o\000d\000u\000c\000t\000i\000o\000n}{chapter.14}% 131
\BOOKMARK [1][-]{section.14.2}{\376\377\0002\000.\000\040\000T\000h\000e\000\040\0002\000\040\0002\000\040\000D\000e\000s\000i\000g\000n}{chapter.14}% 132
\BOOKMARK [1][-]{section.14.3}{\376\377\0003\000.\000\040\000T\000h\000e\000\040\000P\000a\000r\000a\000l\000l\000e\000l\000\040\000T\000r\000e\000n\000d\000s\000\040\000A\000s\000s\000u\000m\000p\000t\000i\000o\000n}{chapter.14}% 133
\BOOKMARK [1][-]{section.14.4}{\376\377\0004\000.\000\040\000T\000w\000o\000-\000W\000a\000y\000\040\000F\000i\000x\000e\000d\000\040\000E\000f\000f\000e\000c\000t\000s}{chapter.14}% 134
\BOOKMARK [1][-]{section.14.5}{\376\377\0005\000.\000\040\000S\000t\000a\000n\000d\000a\000r\000d\000\040\000E\000r\000r\000o\000r\000\040\000E\000s\000t\000i\000m\000a\000t\000i\000o\000n}{chapter.14}% 135
\BOOKMARK [1][-]{section.14.6}{\376\377\0006\000.\000\040\000E\000v\000e\000n\000t\000\040\000S\000t\000u\000d\000i\000e\000s}{chapter.14}% 136
\BOOKMARK [1][-]{section.14.7}{\376\377\0007\000.\000\040\000I\000m\000p\000l\000e\000m\000e\000n\000t\000a\000t\000i\000o\000n}{chapter.14}% 137
\BOOKMARK [1][-]{section.14.8}{\376\377\0008\000.\000\040\000M\000o\000n\000t\000e\000\040\000C\000a\000r\000l\000o\000\040\000V\000a\000l\000i\000d\000a\000t\000i\000o\000n}{chapter.14}% 138
\BOOKMARK [1][-]{section.14.9}{\376\377\0009\000.\000\040\000P\000r\000a\000c\000t\000i\000c\000a\000l\000\040\000G\000u\000i\000d\000a\000n\000c\000e}{chapter.14}% 139
\BOOKMARK [1][-]{section.14.10}{\376\377\0001\0000\000.\000\040\000S\000u\000m\000m\000a\000r\000y}{chapter.14}% 140
\BOOKMARK [0][-]{chapter.15}{\376\377\000C\000h\000a\000p\000t\000e\000r\000\040\0001\0005\000.\000\040\000M\000o\000d\000e\000r\000n\000\040\000D\000i\000f\000f\000e\000r\000e\000n\000c\000e\000-\000i\000n\000-\000D\000i\000f\000f\000e\000r\000e\000n\000c\000e\000s}{part.4}% 141
\BOOKMARK [1][-]{section.15.1}{\376\377\0001\000.\000\040\000I\000n\000t\000r\000o\000d\000u\000c\000t\000i\000o\000n}{chapter.15}% 142
\BOOKMARK [1][-]{section.15.2}{\376\377\0002\000.\000\040\000T\000h\000e\000\040\000T\000W\000F\000E\000\040\000B\000i\000a\000s\000\040\000P\000r\000o\000b\000l\000e\000m}{chapter.15}% 143
\BOOKMARK [1][-]{section.15.3}{\376\377\0003\000.\000\040\000C\000a\000l\000l\000a\000w\000a\000y\000-\000S\000a\000n\000t\000'\000A\000n\000n\000a\000\040\000E\000s\000t\000i\000m\000a\000t\000o\000r}{chapter.15}% 144
\BOOKMARK [1][-]{section.15.4}{\376\377\0004\000.\000\040\000S\000u\000n\000-\000A\000b\000r\000a\000h\000a\000m\000\040\000E\000s\000t\000i\000m\000a\000t\000o\000r}{chapter.15}% 145
\BOOKMARK [1][-]{section.15.5}{\376\377\0005\000.\000\040\000M\000e\000t\000h\000o\000d\000\040\000C\000o\000m\000p\000a\000r\000i\000s\000o\000n}{chapter.15}% 146
\BOOKMARK [1][-]{section.15.6}{\376\377\0006\000.\000\040\000I\000m\000p\000l\000e\000m\000e\000n\000t\000a\000t\000i\000o\000n}{chapter.15}% 147
\BOOKMARK [1][-]{section.15.7}{\376\377\0007\000.\000\040\000M\000o\000n\000t\000e\000\040\000C\000a\000r\000l\000o\000\040\000V\000a\000l\000i\000d\000a\000t\000i\000o\000n}{chapter.15}% 148
\BOOKMARK [1][-]{section.15.8}{\376\377\0008\000.\000\040\000P\000r\000a\000c\000t\000i\000c\000a\000l\000\040\000G\000u\000i\000d\000a\000n\000c\000e}{chapter.15}% 149
\BOOKMARK [1][-]{section.15.9}{\376\377\0009\000.\000\040\000S\000u\000m\000m\000a\000r\000y}{chapter.15}% 150
\BOOKMARK [0][-]{chapter.16}{\376\377\000C\000h\000a\000p\000t\000e\000r\000\040\0001\0006\000.\000\040\000R\000e\000g\000r\000e\000s\000s\000i\000o\000n\000\040\000D\000i\000s\000c\000o\000n\000t\000i\000n\000u\000i\000t\000y\000\040\000D\000e\000s\000i\000g\000n}{part.4}% 151
\BOOKMARK [1][-]{section.16.1}{\376\377\0001\000.\000\040\000I\000n\000t\000r\000o\000d\000u\000c\000t\000i\000o\000n}{chapter.16}% 152
\BOOKMARK [1][-]{section.16.2}{\376\377\0002\000.\000\040\000S\000h\000a\000r\000p\000\040\000R\000D\000D\000\040\000I\000d\000e\000n\000t\000i\000f\000i\000c\000a\000t\000i\000o\000n}{chapter.16}% 153
\BOOKMARK [1][-]{section.16.3}{\376\377\0003\000.\000\040\000L\000o\000c\000a\000l\000\040\000P\000o\000l\000y\000n\000o\000m\000i\000a\000l\000\040\000E\000s\000t\000i\000m\000a\000t\000i\000o\000n}{chapter.16}% 154
\BOOKMARK [1][-]{section.16.4}{\376\377\0004\000.\000\040\000B\000a\000n\000d\000w\000i\000d\000t\000h\000\040\000S\000e\000l\000e\000c\000t\000i\000o\000n}{chapter.16}% 155
\BOOKMARK [1][-]{section.16.5}{\376\377\0005\000.\000\040\000F\000u\000z\000z\000y\000\040\000R\000D\000D}{chapter.16}% 156
\BOOKMARK [1][-]{section.16.6}{\376\377\0006\000.\000\040\000M\000c\000C\000r\000a\000r\000y\000\040\000D\000e\000n\000s\000i\000t\000y\000\040\000T\000e\000s\000t}{chapter.16}% 157
\BOOKMARK [1][-]{section.16.7}{\376\377\0007\000.\000\040\000A\000d\000d\000i\000t\000i\000o\000n\000a\000l\000\040\000D\000i\000a\000g\000n\000o\000s\000t\000i\000c\000s}{chapter.16}% 158
\BOOKMARK [1][-]{section.16.8}{\376\377\0008\000.\000\040\000I\000m\000p\000l\000e\000m\000e\000n\000t\000a\000t\000i\000o\000n}{chapter.16}% 159
\BOOKMARK [1][-]{section.16.9}{\376\377\0009\000.\000\040\000M\000o\000n\000t\000e\000\040\000C\000a\000r\000l\000o\000\040\000V\000a\000l\000i\000d\000a\000t\000i\000o\000n}{chapter.16}% 160
\BOOKMARK [1][-]{section.16.10}{\376\377\0001\0000\000.\000\040\000P\000r\000a\000c\000t\000i\000c\000a\000l\000\040\000G\000u\000i\000d\000a\000n\000c\000e}{chapter.16}% 161
\BOOKMARK [1][-]{section.16.11}{\376\377\0001\0001\000.\000\040\000S\000u\000m\000m\000a\000r\000y}{chapter.16}% 162
\BOOKMARK [0][-]{chapter.17}{\376\377\000C\000h\000a\000p\000t\000e\000r\000\040\0001\0007\000.\000\040\000S\000y\000n\000t\000h\000e\000t\000i\000c\000\040\000C\000o\000n\000t\000r\000o\000l\000\040\000M\000e\000t\000h\000o\000d}{part.4}% 163
\BOOKMARK [1][-]{section.17.1}{\376\377\0001\000.\000\040\000I\000n\000t\000r\000o\000d\000u\000c\000t\000i\000o\000n}{chapter.17}% 164
\BOOKMARK [1][-]{section.17.2}{\376\377\0002\000.\000\040\000T\000h\000e\000\040\000S\000C\000M\000\040\000F\000r\000a\000m\000e\000w\000o\000r\000k}{chapter.17}% 165
\BOOKMARK [1][-]{section.17.3}{\376\377\0003\000.\000\040\000W\000e\000i\000g\000h\000t\000\040\000O\000p\000t\000i\000m\000i\000z\000a\000t\000i\000o\000n}{chapter.17}% 166
\BOOKMARK [1][-]{section.17.4}{\376\377\0004\000.\000\040\000P\000r\000e\000-\000T\000r\000e\000a\000t\000m\000e\000n\000t\000\040\000F\000i\000t\000\040\000D\000i\000a\000g\000n\000o\000s\000t\000i\000c\000s}{chapter.17}% 167
\BOOKMARK [1][-]{section.17.5}{\376\377\0005\000.\000\040\000A\000u\000g\000m\000e\000n\000t\000e\000d\000\040\000S\000y\000n\000t\000h\000e\000t\000i\000c\000\040\000C\000o\000n\000t\000r\000o\000l}{chapter.17}% 168
\BOOKMARK [1][-]{section.17.6}{\376\377\0006\000.\000\040\000I\000n\000f\000e\000r\000e\000n\000c\000e}{chapter.17}% 169
\BOOKMARK [1][-]{section.17.7}{\376\377\0007\000.\000\040\000I\000m\000p\000l\000e\000m\000e\000n\000t\000a\000t\000i\000o\000n}{chapter.17}% 170
\BOOKMARK [1][-]{section.17.8}{\376\377\0008\000.\000\040\000M\000o\000n\000t\000e\000\040\000C\000a\000r\000l\000o\000\040\000V\000a\000l\000i\000d\000a\000t\000i\000o\000n}{chapter.17}% 171
\BOOKMARK [1][-]{section.17.9}{\376\377\0009\000.\000\040\000P\000r\000a\000c\000t\000i\000c\000a\000l\000\040\000G\000u\000i\000d\000a\000n\000c\000e}{chapter.17}% 172
\BOOKMARK [1][-]{section.17.10}{\376\377\0001\0000\000.\000\040\000S\000u\000m\000m\000a\000r\000y}{chapter.17}% 173
\BOOKMARK [0][-]{chapter.18}{\376\377\000C\000h\000a\000p\000t\000e\000r\000\040\0001\0008\000.\000\040\000K\000i\000n\000k\000\040\000D\000e\000s\000i\000g\000n\000s\000\040\000a\000n\000d\000\040\000B\000u\000n\000c\000h\000i\000n\000g}{part.4}% 174
\BOOKMARK [1][-]{section.18.1}{\376\377\0001\000.\000\040\000I\000n\000t\000r\000o\000d\000u\000c\000t\000i\000o\000n}{chapter.18}% 175
\BOOKMARK [1][-]{section.18.2}{\376\377\0002\000.\000\040\000S\000h\000a\000r\000p\000\040\000R\000e\000g\000r\000e\000s\000s\000i\000o\000n\000\040\000K\000i\000n\000k\000\040\000D\000e\000s\000i\000g\000n}{chapter.18}% 176
\BOOKMARK [1][-]{section.18.3}{\376\377\0003\000.\000\040\000F\000u\000z\000z\000y\000\040\000R\000K\000D}{chapter.18}% 177
\BOOKMARK [1][-]{section.18.4}{\376\377\0004\000.\000\040\000R\000K\000D\000\040\000B\000a\000n\000d\000w\000i\000d\000t\000h\000\040\000S\000e\000l\000e\000c\000t\000i\000o\000n}{chapter.18}% 178
\BOOKMARK [1][-]{section.18.5}{\376\377\0005\000.\000\040\000R\000K\000D\000\040\000D\000i\000a\000g\000n\000o\000s\000t\000i\000c\000s}{chapter.18}% 179
\BOOKMARK [1][-]{section.18.6}{\376\377\0006\000.\000\040\000B\000u\000n\000c\000h\000i\000n\000g\000\040\000E\000s\000t\000i\000m\000a\000t\000i\000o\000n}{chapter.18}% 180
\BOOKMARK [1][-]{section.18.7}{\376\377\0007\000.\000\040\000B\000u\000n\000c\000h\000i\000n\000g\000\040\000w\000i\000t\000h\000\040\000O\000p\000t\000i\000m\000i\000z\000a\000t\000i\000o\000n\000\040\000F\000r\000i\000c\000t\000i\000o\000n\000s}{chapter.18}% 181
\BOOKMARK [1][-]{section.18.8}{\376\377\0008\000.\000\040\000I\000m\000p\000l\000e\000m\000e\000n\000t\000a\000t\000i\000o\000n}{chapter.18}% 182
\BOOKMARK [1][-]{section.18.9}{\376\377\0009\000.\000\040\000M\000o\000n\000t\000e\000\040\000C\000a\000r\000l\000o\000\040\000V\000a\000l\000i\000d\000a\000t\000i\000o\000n}{chapter.18}% 183
\BOOKMARK [1][-]{section.18.10}{\376\377\0001\0000\000.\000\040\000P\000r\000a\000c\000t\000i\000c\000a\000l\000\040\000G\000u\000i\000d\000a\000n\000c\000e}{chapter.18}% 184
\BOOKMARK [1][-]{section.18.11}{\376\377\0001\0001\000.\000\040\000S\000u\000m\000m\000a\000r\000y}{chapter.18}% 185
\BOOKMARK [-1][-]{part.5}{\376\377\000P\000a\000r\000t\000\040\0005\000.\000\040\000\040\000A\000d\000v\000a\000n\000c\000e\000d\000\040\000M\000e\000t\000h\000o\000d\000s}{}% 186
\BOOKMARK [0][-]{chapter.19}{\376\377\000C\000h\000a\000p\000t\000e\000r\000\040\0001\0009\000.\000\040\000Q\000u\000a\000n\000t\000i\000l\000e\000\040\000T\000r\000e\000a\000t\000m\000e\000n\000t\000\040\000E\000f\000f\000e\000c\000t\000s}{part.5}% 187
\BOOKMARK [1][-]{section.19.1}{\376\377\0001\000.\000\040\000I\000n\000t\000r\000o\000d\000u\000c\000t\000i\000o\000n}{chapter.19}% 188
\BOOKMARK [1][-]{section.19.2}{\376\377\0002\000.\000\040\000U\000n\000c\000o\000n\000d\000i\000t\000i\000o\000n\000a\000l\000\040\000Q\000T\000E}{chapter.19}% 189
\BOOKMARK [1][-]{section.19.3}{\376\377\0003\000.\000\040\000C\000o\000n\000d\000i\000t\000i\000o\000n\000a\000l\000\040\000Q\000T\000E\000\040\000v\000i\000a\000\040\000Q\000u\000a\000n\000t\000i\000l\000e\000\040\000R\000e\000g\000r\000e\000s\000s\000i\000o\000n}{chapter.19}% 190
\BOOKMARK [1][-]{section.19.4}{\376\377\0004\000.\000\040\000R\000I\000F\000-\000O\000L\000S\000\040\000f\000o\000r\000\040\000U\000n\000c\000o\000n\000d\000i\000t\000i\000o\000n\000a\000l\000\040\000Q\000T\000E}{chapter.19}% 191
\BOOKMARK [1][-]{section.19.5}{\376\377\0005\000.\000\040\000I\000n\000f\000e\000r\000e\000n\000c\000e\000\040\000f\000o\000r\000\040\000Q\000T\000E}{chapter.19}% 192
\BOOKMARK [1][-]{section.19.6}{\376\377\0006\000.\000\040\000I\000m\000p\000l\000e\000m\000e\000n\000t\000a\000t\000i\000o\000n}{chapter.19}% 193
\BOOKMARK [1][-]{section.19.7}{\376\377\0007\000.\000\040\000M\000o\000n\000t\000e\000\040\000C\000a\000r\000l\000o\000\040\000V\000a\000l\000i\000d\000a\000t\000i\000o\000n}{chapter.19}% 194
\BOOKMARK [1][-]{section.19.8}{\376\377\0008\000.\000\040\000P\000r\000a\000c\000t\000i\000c\000a\000l\000\040\000G\000u\000i\000d\000a\000n\000c\000e}{chapter.19}% 195
\BOOKMARK [1][-]{section.19.9}{\376\377\0009\000.\000\040\000S\000u\000m\000m\000a\000r\000y}{chapter.19}% 196
\BOOKMARK [0][-]{chapter.20}{\376\377\000C\000h\000a\000p\000t\000e\000r\000\040\0002\0000\000.\000\040\000M\000a\000r\000g\000i\000n\000a\000l\000\040\000T\000r\000e\000a\000t\000m\000e\000n\000t\000\040\000E\000f\000f\000e\000c\000t\000s}{part.5}% 197
\BOOKMARK [1][-]{section.20.1}{\376\377\0001\000.\000\040\000I\000n\000t\000r\000o\000d\000u\000c\000t\000i\000o\000n}{chapter.20}% 198
\BOOKMARK [1][-]{section.20.2}{\376\377\0002\000.\000\040\000T\000h\000e\000\040\000M\000T\000E\000\040\000F\000r\000a\000m\000e\000w\000o\000r\000k}{chapter.20}% 199
\BOOKMARK [1][-]{section.20.3}{\376\377\0003\000.\000\040\000I\000d\000e\000n\000t\000i\000f\000i\000c\000a\000t\000i\000o\000n}{chapter.20}% 200
\BOOKMARK [1][-]{section.20.4}{\376\377\0004\000.\000\040\000E\000s\000t\000i\000m\000a\000t\000i\000o\000n}{chapter.20}% 201
\BOOKMARK [1][-]{section.20.5}{\376\377\0005\000.\000\040\000F\000r\000o\000m\000\040\000M\000T\000E\000\040\000t\000o\000\040\000P\000o\000l\000i\000c\000y\000\040\000P\000a\000r\000a\000m\000e\000t\000e\000r\000s}{chapter.20}% 202
\BOOKMARK [1][-]{section.20.6}{\376\377\0006\000.\000\040\000D\000i\000a\000g\000n\000o\000s\000t\000i\000c\000s}{chapter.20}% 203
\BOOKMARK [1][-]{section.20.7}{\376\377\0007\000.\000\040\000I\000m\000p\000l\000e\000m\000e\000n\000t\000a\000t\000i\000o\000n}{chapter.20}% 204
\BOOKMARK [1][-]{section.20.8}{\376\377\0008\000.\000\040\000M\000o\000n\000t\000e\000\040\000C\000a\000r\000l\000o\000\040\000V\000a\000l\000i\000d\000a\000t\000i\000o\000n}{chapter.20}% 205
\BOOKMARK [1][-]{section.20.9}{\376\377\0009\000.\000\040\000P\000r\000a\000c\000t\000i\000c\000a\000l\000\040\000G\000u\000i\000d\000a\000n\000c\000e}{chapter.20}% 206
\BOOKMARK [1][-]{section.20.10}{\376\377\0001\0000\000.\000\040\000S\000u\000m\000m\000a\000r\000y}{chapter.20}% 207
\BOOKMARK [0][-]{chapter.21}{\376\377\000C\000h\000a\000p\000t\000e\000r\000\040\0002\0001\000.\000\040\000M\000e\000d\000i\000a\000t\000i\000o\000n\000\040\000A\000n\000a\000l\000y\000s\000i\000s}{part.5}% 208
\BOOKMARK [1][-]{section.21.1}{\376\377\0001\000.\000\040\000I\000n\000t\000r\000o\000d\000u\000c\000t\000i\000o\000n}{chapter.21}% 209
\BOOKMARK [0][-]{chapter.22}{\376\377\000C\000h\000a\000p\000t\000e\000r\000\040\0002\0002\000.\000\040\000S\000e\000l\000e\000c\000t\000i\000o\000n\000\040\000a\000n\000d\000\040\000P\000a\000n\000e\000l\000\040\000M\000e\000t\000h\000o\000d\000s}{part.5}% 210
\BOOKMARK [1][-]{section.22.1}{\376\377\0001\000.\000\040\000I\000n\000t\000r\000o\000d\000u\000c\000t\000i\000o\000n}{chapter.22}% 211
\BOOKMARK [0][-]{chapter.23}{\376\377\000C\000h\000a\000p\000t\000e\000r\000\040\0002\0003\000.\000\040\000D\000y\000n\000a\000m\000i\000c\000\040\000T\000r\000e\000a\000t\000m\000e\000n\000t\000\040\000R\000e\000g\000i\000m\000e\000s}{part.5}% 212
\BOOKMARK [1][-]{section.23.1}{\376\377\0001\000.\000\040\000I\000n\000t\000r\000o\000d\000u\000c\000t\000i\000o\000n}{chapter.23}% 213
\BOOKMARK [-1][-]{part.6}{\376\377\000P\000a\000r\000t\000\040\0006\000.\000\040\000\040\000I\000m\000p\000l\000e\000m\000e\000n\000t\000a\000t\000i\000o\000n}{}% 214
\BOOKMARK [0][-]{chapter.24}{\376\377\000C\000h\000a\000p\000t\000e\000r\000\040\0002\0004\000.\000\040\000P\000r\000i\000n\000c\000i\000p\000a\000l\000\040\000S\000t\000r\000a\000t\000i\000f\000i\000c\000a\000t\000i\000o\000n}{part.6}% 215
\BOOKMARK [1][-]{section.24.1}{\376\377\0001\000.\000\040\000I\000n\000t\000r\000o\000d\000u\000c\000t\000i\000o\000n}{chapter.24}% 216
\BOOKMARK [0][-]{chapter.25}{\376\377\000C\000h\000a\000p\000t\000e\000r\000\040\0002\0005\000.\000\040\000B\000a\000y\000e\000s\000i\000a\000n\000\040\000C\000a\000u\000s\000a\000l\000\040\000I\000n\000f\000e\000r\000e\000n\000c\000e}{part.6}% 217
\BOOKMARK [1][-]{section.25.1}{\376\377\0001\000.\000\040\000I\000n\000t\000r\000o\000d\000u\000c\000t\000i\000o\000n}{chapter.25}% 218
\BOOKMARK [0][-]{chapter.26}{\376\377\000C\000h\000a\000p\000t\000e\000r\000\040\0002\0006\000.\000\040\000C\000r\000o\000s\000s\000-\000L\000a\000n\000g\000u\000a\000g\000e\000\040\000V\000a\000l\000i\000d\000a\000t\000i\000o\000n}{part.6}% 219
\BOOKMARK [1][-]{section.26.1}{\376\377\0001\000.\000\040\000I\000n\000t\000r\000o\000d\000u\000c\000t\000i\000o\000n}{chapter.26}% 220
\BOOKMARK [0][-]{appendix.A}{\376\377\000A\000p\000p\000e\000n\000d\000i\000x\000\040\000A\000.\000\040\000J\000u\000l\000i\000a\000\040\000I\000m\000p\000l\000e\000m\000e\000n\000t\000a\000t\000i\000o\000n\000\040\000R\000e\000f\000e\000r\000e\000n\000c\000e}{part.6}% 221
\BOOKMARK [1][-]{section.A.1}{\376\377\0001\000.\000\040\000I\000n\000s\000t\000a\000l\000l\000a\000t\000i\000o\000n}{appendix.A}% 222
\BOOKMARK [1][-]{section.A.2}{\376\377\0002\000.\000\040\000A\000r\000c\000h\000i\000t\000e\000c\000t\000u\000r\000e\000\040\000O\000v\000e\000r\000v\000i\000e\000w}{appendix.A}% 223
\BOOKMARK [1][-]{section.A.3}{\376\377\0003\000.\000\040\000R\000C\000T\000\040\000E\000s\000t\000i\000m\000a\000t\000o\000r\000s}{appendix.A}% 224
\BOOKMARK [1][-]{section.A.4}{\376\377\0004\000.\000\040\000P\000r\000o\000p\000e\000n\000s\000i\000t\000y\000\040\000S\000c\000o\000r\000e\000\040\000M\000e\000t\000h\000o\000d\000s}{appendix.A}% 225
\BOOKMARK [1][-]{section.A.5}{\376\377\0005\000.\000\040\000W\000e\000i\000g\000h\000t\000i\000n\000g\000\040\000E\000s\000t\000i\000m\000a\000t\000o\000r\000s}{appendix.A}% 226
\BOOKMARK [1][-]{section.A.6}{\376\377\0006\000.\000\040\000C\000A\000T\000E\000\040\000E\000s\000t\000i\000m\000a\000t\000o\000r\000s}{appendix.A}% 227
\BOOKMARK [1][-]{section.A.7}{\376\377\0007\000.\000\040\000C\000a\000u\000s\000a\000l\000\040\000F\000o\000r\000e\000s\000t\000s}{appendix.A}% 228
\BOOKMARK [1][-]{section.A.8}{\376\377\0008\000.\000\040\000S\000e\000n\000s\000i\000t\000i\000v\000i\000t\000y\000\040\000A\000n\000a\000l\000y\000s\000i\000s}{appendix.A}% 229
\BOOKMARK [1][-]{section.A.9}{\376\377\0009\000.\000\040\000C\000r\000o\000s\000s\000-\000L\000a\000n\000g\000u\000a\000g\000e\000\040\000V\000a\000l\000i\000d\000a\000t\000i\000o\000n}{appendix.A}% 230
\BOOKMARK [0][-]{appendix*.43}{\376\377\000B\000i\000b\000l\000i\000o\000g\000r\000a\000p\000h\000y}{part.6}% 231
